,number,value,datetime_start,datetime_complete,duration,params_beta1,params_beta2,params_hidden_dim,params_learning_rate,params_num_heads,params_num_layers,params_weight_decay,state
0,0,,2024-04-30 11:02:22.550654,,,0.54807657549652,0.8571988892445704,256,0.0013047231405808877,8,1,4.455394194762184e-05,RUNNING
1,1,,2024-04-30 11:02:22.578653,,,0.6581163070787084,0.7127160775072556,384,0.000800199575613388,16,4,6.697897698926128e-06,RUNNING
2,2,,2024-04-30 11:02:22.598419,,,0.6974918457232211,0.85992743152929,768,0.007912838699244498,4,3,3.8781918601509393e-05,RUNNING
3,3,,2024-04-30 11:02:22.672989,,,0.7988197339614607,0.7749483041705034,1024,0.008844524132267374,8,4,7.668969589385916e-05,RUNNING
4,4,,2024-04-30 11:02:22.685983,,,0.7195538519453987,0.8213894943480624,128,0.0018673980267129486,8,3,4.553446959772838e-05,RUNNING
5,5,,2024-04-30 11:02:22.724532,,,0.7262133368632202,0.9705695770329674,256,0.007899051808308206,2,2,3.252912161325178e-05,RUNNING
6,6,,2024-04-30 11:02:22.746383,,,0.7079376879565334,0.5374839282425126,768,0.001907030120769653,4,3,3.1407303210074466e-05,RUNNING
7,7,,2024-04-30 11:02:22.770473,,,0.5567050252284564,0.6266418807833555,256,0.007649304206874339,4,3,9.587799875392699e-05,RUNNING
8,8,,2024-04-30 11:02:22.801542,,,0.8739752055059519,0.938436771968501,640,0.00948568431312526,2,2,2.279091755824738e-06,RUNNING
9,9,,2024-04-30 11:02:22.810218,,,0.777777476652115,0.7645332606631954,896,0.006160465019468995,16,1,9.979911954825596e-05,RUNNING
10,10,,2024-04-30 11:02:22.842073,,,0.6621225939060804,0.7135411917854125,128,0.007592711102769203,8,1,8.122968040108957e-05,RUNNING
11,11,,2024-04-30 11:02:22.895873,,,0.669058951933406,0.8297646310656851,896,0.006903976848485847,16,2,3.0338719743885385e-05,RUNNING
12,12,,2024-04-30 11:02:22.914182,,,0.720396227553046,0.8075960060641936,896,0.006914650987795729,16,1,2.8337381797491656e-05,RUNNING
13,13,,2024-04-30 11:02:22.927606,,,0.6013455551338813,0.5139540900533781,256,0.0019497315245295315,8,1,9.861382047505336e-05,RUNNING
14,14,,2024-04-30 11:02:22.945194,,,0.7966426189490248,0.8145277103302206,896,0.00032240039584546836,2,2,5.734950837926166e-05,RUNNING
15,15,,2024-04-30 11:02:22.953488,,,0.6222984923312855,0.5687316789387962,256,0.007003203412657605,8,1,2.062384063664957e-05,RUNNING
16,16,,2024-04-30 11:02:22.976371,,,0.7174254068017988,0.8213974721668313,256,0.007207968314908795,4,2,6.631887266394387e-05,RUNNING
17,17,,2024-04-30 11:02:23.001235,,,0.6886908174140828,0.8010952703620975,384,0.0011923878417573956,16,3,7.957628591983269e-05,RUNNING
18,18,,2024-04-30 11:02:23.016342,,,0.7706781183892887,0.7079755017658164,768,0.0009450955264584403,16,4,4.167747288404422e-05,RUNNING
19,19,,2024-04-30 11:02:23.029579,,,0.6093325537323302,0.6167907812138154,256,0.004996854167935436,2,2,5.534072618829621e-05,RUNNING
20,20,,2024-04-30 11:02:23.042781,,,0.8141089186853767,0.6163235457744045,384,0.008982124812525806,4,2,4.0029784850336644e-05,RUNNING
21,21,,2024-04-30 11:02:23.058366,,,0.6514490906548827,0.8608251381252987,512,0.003196107352824433,16,1,6.618895271697866e-05,RUNNING
22,22,,2024-04-30 11:02:23.070017,,,0.6715593394439112,0.5131860358811107,384,0.009989534861314655,4,2,4.9633477000345036e-05,RUNNING
23,23,,2024-04-30 11:02:23.083859,,,0.5518237786419476,0.6455933658186044,768,0.004860693902902204,4,2,7.593003265854828e-05,RUNNING
24,24,,2024-04-30 11:02:23.098879,,,0.6476192992268583,0.6782722118627379,896,0.008850808722536465,8,2,6.466102063371737e-05,RUNNING
25,25,,2024-04-30 11:02:23.118555,,,0.8129368878128183,0.7689796824892012,1024,0.009954246112722172,2,3,9.722812768441192e-05,RUNNING
26,26,,2024-04-30 11:02:23.138841,,,0.6694384990129745,0.5582016689600181,896,0.0005111881993353465,8,2,5.8794093638439647e-05,RUNNING
27,27,,2024-04-30 11:02:23.152728,,,0.8200096550407725,0.6901112995143998,896,0.0032937735924101733,4,3,3.944824565832622e-05,RUNNING
28,28,,2024-04-30 11:02:23.170940,,,0.8482959835626724,0.5236369247259659,256,0.0014880396800633442,4,4,2.255527901558215e-05,RUNNING
29,29,,2024-04-30 11:02:23.189054,,,0.7109737323557934,0.8207213971334584,128,0.0018322116335670277,8,1,9.751638508869611e-05,RUNNING
30,30,,2024-04-30 11:02:23.199724,,,0.7977360661763688,0.9797559995915474,256,0.004723406196819989,2,3,1.5413755142124982e-06,RUNNING
31,31,,2024-04-30 11:02:23.214746,,,0.8386025144222875,0.8132389573312717,640,0.0048219735410073425,8,3,3.979290180834537e-05,RUNNING
32,32,,2024-04-30 11:02:23.228664,,,0.7528343289302605,0.7238976589248274,1024,0.009069500056535576,4,4,3.175409236197562e-05,RUNNING
33,33,,2024-04-30 11:02:23.242566,,,0.6929412358906852,0.5086888174117159,256,0.0037841366269030976,4,3,4.821687733123685e-05,RUNNING
34,34,,2024-04-30 11:02:23.256627,,,0.6827855499664846,0.8691946137909043,256,0.008929483577180044,4,1,8.997147748919823e-05,RUNNING
35,35,,2024-04-30 11:02:23.269709,,,0.863746770979736,0.8035567934461392,896,0.009456280520008012,16,1,8.770266019380756e-06,RUNNING
36,36,,2024-04-30 11:02:23.287090,,,0.748212993871548,0.8736598100559525,384,0.007052736599155875,16,2,2.036248546390859e-05,RUNNING
37,37,,2024-04-30 11:02:23.297831,,,0.6744223385236914,0.9843231738071184,768,0.0007301668211774803,4,1,4.814276942872835e-05,RUNNING
38,38,,2024-04-30 11:02:23.332889,,,0.8026662880120721,0.6748606981372997,896,0.009256573480404906,16,2,1.4343861444698218e-05,RUNNING
39,39,,2024-04-30 11:02:23.341816,,,0.6634396582761282,0.9594806873691698,384,0.007204323285456355,4,2,9.159140759687513e-05,RUNNING
40,40,,2024-04-30 11:02:23.356216,,,0.5409447491287434,0.67205878602348,768,0.006689012629895736,16,1,2.7996357745003598e-05,RUNNING
41,41,,2024-04-30 11:02:23.371106,,,0.7713281775978726,0.5135981830888114,384,0.001523936195193882,2,1,6.46608635886959e-05,RUNNING
42,42,,2024-04-30 11:02:23.411539,,,0.8854354429337259,0.8973505309088428,256,0.008216866077930329,4,3,6.1797352753868514e-06,RUNNING
43,43,,2024-04-30 11:02:23.470512,,,0.7553444891434914,0.857259969620294,896,0.004094192756551068,8,2,8.240731593871976e-05,RUNNING
44,44,,2024-04-30 11:02:23.508642,,,0.642065667042312,0.8854902067871815,256,0.004481585333886182,8,1,6.26657505122976e-05,RUNNING
45,45,,2024-04-30 11:02:23.537629,,,0.8997755756102122,0.8232464413713969,128,0.00791287997737898,4,2,4.4106547787416983e-05,RUNNING
46,46,,2024-04-30 11:02:23.669228,,,0.5904690044225722,0.6941521520285052,1024,0.00417143100419079,4,2,3.0213163323708257e-05,RUNNING
47,47,,2024-04-30 11:02:23.690221,,,0.6264579648581234,0.7197826954646651,768,0.0016157924459715017,2,3,9.166670317590041e-05,RUNNING
48,48,,2024-04-30 11:02:23.714017,,,0.7931007536951791,0.961753126795061,256,0.0061659289517688644,4,1,5.7939065403586276e-05,RUNNING
49,49,,2024-04-30 11:02:23.740193,,,0.5792746915039348,0.5266913425961407,640,0.005017030865008596,8,3,2.9163719880452502e-05,RUNNING
50,50,,2024-04-30 11:02:23.755364,,,0.6985241714302874,0.8424652805283044,640,0.0033898057009778275,4,4,4.9787470966746616e-05,RUNNING
51,51,,2024-04-30 11:02:23.769794,,,0.8591393223224475,0.8547934243763755,896,0.008644294037204644,2,4,3.263428007704488e-05,RUNNING
52,52,,2024-04-30 11:02:23.842122,,,0.8115382601176826,0.8176836598230048,768,0.002699467411669782,8,1,8.359965963084014e-05,RUNNING
53,53,,2024-04-30 11:02:23.934638,,,0.5240980708939015,0.8762641982888534,1024,0.004868562582158505,8,3,5.67223635309868e-05,RUNNING
54,54,,2024-04-30 11:02:24.170969,,,0.5091064413631476,0.9510734585545324,384,0.005340480132165423,16,2,4.747529333778761e-05,RUNNING
55,55,,2024-04-30 11:02:24.500324,,,0.8491485606277835,0.6741854865943383,768,0.0006025141683064555,4,3,1.4863093490875641e-05,RUNNING
56,56,,2024-04-30 11:02:24.449553,,,0.6580697413439711,0.8369362669654417,384,0.0030515241030091953,2,2,2.4245249549727466e-05,RUNNING
57,57,,2024-04-30 11:02:24.905724,,,0.6226735463024371,0.5326663678741838,640,0.0024111924139485342,8,1,7.502983632758464e-05,RUNNING
58,58,,2024-04-30 11:02:25.172534,,,0.6926516065237861,0.8940983952971986,768,0.009837878102514408,4,1,5.351550153610106e-05,RUNNING
59,59,,2024-04-30 11:02:25.314984,,,0.6575202003316649,0.5430928103772772,896,0.0034921188464042425,2,3,8.702366462519064e-05,RUNNING
60,60,,2024-04-30 11:02:25.979264,,,0.5176899495133866,0.720533232727741,1024,0.001682302309595788,16,3,7.31551432083269e-05,RUNNING
61,61,,2024-04-30 11:02:26.168944,,,0.589812147415825,0.9283979715608626,384,0.007776450664318501,4,2,4.2124767480898846e-05,RUNNING
62,62,,2024-04-30 11:02:26.213995,,,0.5606804151309839,0.7234205845528731,256,0.009292599136236233,2,2,3.078204043805079e-05,RUNNING
63,63,,2024-04-30 11:02:26.555957,,,0.5157929971622108,0.7027796674652416,1024,0.0033899053404559676,8,3,4.040697242407807e-05,RUNNING
64,64,0.01155422069333913,2024-04-30 11:03:39.944432,2024-04-30 11:08:17.307588,0 days 00:04:37.363156,0.813546744051851,0.813223791866567,256,0.0018687870928656447,16,1,6.39664449659627e-05,COMPLETE
65,65,0.03704852584217276,2024-04-30 11:03:39.966208,2024-04-30 17:50:33.721623,0 days 06:46:53.755415,0.6251329561986351,0.8296120544944398,512,0.0019068625594001066,4,2,4.5380278108802896e-05,COMPLETE
66,66,0.04640825591110564,2024-04-30 11:03:39.989364,2024-04-30 17:44:25.604299,0 days 06:40:45.614935,0.7139471493822662,0.78599578911743,384,0.00920720106950826,8,4,3.872488322845716e-05,COMPLETE
67,67,0.1177545449176392,2024-04-30 11:03:40.015407,2024-04-30 11:06:52.336968,0 days 00:03:12.321561,0.6051414436416409,0.6156071538991288,128,0.0044116097594921935,4,4,5.189469203077152e-05,COMPLETE
68,68,0.0458340330847672,2024-04-30 11:03:40.040044,2024-04-30 17:47:48.510995,0 days 06:44:08.470951,0.5682176431197442,0.8334602551120056,896,0.008113186709935495,4,3,3.011657652334612e-05,COMPLETE
69,69,0.12247236773726486,2024-04-30 11:03:40.060521,2024-04-30 17:49:02.215946,0 days 06:45:22.155425,0.5983229851574022,0.654806637072148,128,0.008644517953795132,16,2,6.057576505108326e-05,COMPLETE
70,70,0.05305566112974505,2024-04-30 11:03:40.085949,2024-04-30 11:10:28.431591,0 days 00:06:48.345642,0.7213197281453079,0.696927033276812,768,0.003091154428552622,2,1,6.284586361944936e-05,COMPLETE
71,71,0.036459705377102414,2024-04-30 11:03:40.112130,2024-04-30 17:55:12.729561,0 days 06:51:32.617431,0.6028014302228013,0.7339583516654619,512,0.006293925511943459,4,1,7.86320606412993e-05,COMPLETE
72,72,0.030949770743067647,2024-04-30 11:03:40.134389,2024-04-30 11:06:52.372204,0 days 00:03:12.237815,0.8767787790055319,0.9660217441090093,384,0.001737609719792951,16,4,1.0695461312028084e-05,COMPLETE
73,73,0.0917196273319907,2024-04-30 11:03:40.163541,2024-04-30 11:05:45.646559,0 days 00:02:05.483018,0.6097663759751673,0.5236216683085589,768,0.003936642288195565,4,3,6.116087853954204e-05,COMPLETE
74,74,0.060346804583421,2024-04-30 11:03:40.182283,2024-04-30 17:52:30.395825,0 days 06:48:50.213542,0.8582469409505382,0.8437376054238152,256,0.007765125735948719,8,2,5.6969010513539756e-05,COMPLETE
75,75,0.03172660140860906,2024-04-30 11:03:40.208990,2024-04-30 17:49:23.701222,0 days 06:45:43.492232,0.8722033408073453,0.9825807446131138,768,0.0023637346403405433,8,2,6.644495495608229e-05,COMPLETE
76,76,0.013605698906852827,2024-04-30 11:03:40.232594,2024-04-30 11:06:58.055274,0 days 00:03:17.822680,0.698052036178347,0.5098358252229475,128,0.00029119882722003157,2,3,2.003326771325501e-05,COMPLETE
77,77,0.04049306440275985,2024-04-30 11:03:40.315308,2024-04-30 17:47:48.483577,0 days 06:44:08.168269,0.866439157992964,0.5650747432719654,256,0.006365477842524382,2,3,7.535617337740769e-05,COMPLETE
78,78,0.03353312808729998,2024-04-30 11:03:40.338647,2024-04-30 17:55:14.649392,0 days 06:51:34.310745,0.6505022218397261,0.9427176243590611,128,0.007696317715519469,16,1,1.1637488447044644e-05,COMPLETE
79,79,0.04324141103629168,2024-04-30 11:03:40.363617,2024-04-30 11:14:02.278970,0 days 00:10:21.915353,0.5475499807173112,0.8977396933966698,512,0.009117722990616105,4,1,1.7910902036453337e-05,COMPLETE
80,80,0.011247142026547616,2024-04-30 11:03:40.387456,2024-04-30 12:16:02.578025,0 days 01:12:22.190569,0.8288437968713214,0.8177092975259861,128,0.002491981043129363,8,3,4.126330844400675e-05,COMPLETE
81,81,0.0557238297432145,2024-04-30 11:03:40.413478,2024-04-30 11:07:21.691397,0 days 00:03:41.277919,0.8974665445402523,0.7566292452631843,256,0.007308257898053742,8,4,6.769673756943865e-05,COMPLETE
82,82,0.051629831957997696,2024-04-30 11:03:40.440384,2024-04-30 17:25:14.332740,0 days 06:21:33.892356,0.6770939049356092,0.9612481064585479,640,0.007440573835013284,16,2,2.4301286127474324e-05,COMPLETE
83,83,0.017049719789166213,2024-04-30 11:03:40.462605,2024-04-30 16:44:09.320159,0 days 05:40:28.857554,0.5119389685979365,0.7798296989025253,384,0.00044226838733336574,8,3,1.7194288671768023e-05,COMPLETE
84,84,0.03727939257648213,2024-04-30 11:03:40.487573,2024-04-30 17:54:30.723758,0 days 06:50:50.236185,0.5515724738953471,0.8160817623195065,896,0.004482103395919367,8,1,1.0293850126640262e-05,COMPLETE
85,85,0.06722908254180636,2024-04-30 11:03:40.511590,2024-04-30 17:25:17.251316,0 days 06:21:36.739726,0.7808404786255998,0.640439518426693,128,0.006769788481976442,2,2,7.094240872056043e-05,COMPLETE
86,86,0.19467081731886832,2024-04-30 11:03:40.537493,2024-04-30 17:24:01.653214,0 days 06:20:21.115721,0.6669804157430567,0.6812815700321955,256,0.0034251499407428514,8,3,3.484770087271161e-05,COMPLETE
87,87,0.03456504851805441,2024-04-30 11:03:40.563201,2024-04-30 17:31:17.795603,0 days 06:27:37.232402,0.5458585557992217,0.7134726840439736,1024,0.002621865558609946,8,4,5.542897387277918e-05,COMPLETE
88,88,0.04930988261355208,2024-04-30 11:03:40.588377,2024-04-30 17:48:04.508194,0 days 06:44:23.919817,0.7998913968976686,0.5776761515735024,512,0.008082991762199315,2,3,6.210091327158845e-05,COMPLETE
89,89,0.03201310834101526,2024-04-30 11:03:40.674134,2024-04-30 17:44:25.508587,0 days 06:40:44.834453,0.5397595597338547,0.9264894316464108,256,0.0018929446926824515,2,4,3.8617209982787404e-05,COMPLETE
90,90,0.04791405962707548,2024-04-30 11:03:40.703542,2024-04-30 17:49:31.865118,0 days 06:45:51.161576,0.5652527077375417,0.8858180749914286,768,0.007084660846340066,8,2,2.2414804205735252e-05,COMPLETE
91,91,0.09934453813770375,2024-04-30 11:03:40.725895,2024-04-30 17:47:48.478701,0 days 06:44:07.752806,0.6136538741454433,0.6064773754570952,640,0.008020434651002592,16,3,5.6626734965880165e-05,COMPLETE
92,92,0.03607728487098372,2024-04-30 11:03:40.751132,2024-04-30 17:48:04.484021,0 days 06:44:23.732889,0.5615859495633211,0.9571325832120163,256,0.0064519216147681325,16,3,2.435974733860117e-05,COMPLETE
93,93,0.03339390816304075,2024-04-30 11:03:40.779436,2024-04-30 17:54:39.743387,0 days 06:50:58.963951,0.7511046931611769,0.8741182275480877,512,0.0032389674010785577,2,1,9.242343053231412e-05,COMPLETE
94,94,0.11557340608240464,2024-04-30 11:03:40.801571,2024-04-30 17:55:56.974985,0 days 06:52:16.173414,0.8927749586095662,0.958523891861506,768,0.005100161701010137,2,1,5.601503245963003e-05,COMPLETE
95,95,0.06589324689304932,2024-04-30 11:03:40.828243,2024-04-30 17:38:56.871637,0 days 06:35:16.043394,0.5834968752690539,0.8836290861413816,128,0.005750703131153307,2,4,2.1697906996937597e-05,COMPLETE
96,96,0.042703995900430204,2024-04-30 11:03:40.852364,2024-04-30 17:43:45.808562,0 days 06:40:04.956198,0.5586477244359326,0.9880391195392066,256,0.0044840046860807935,16,4,4.324563054390693e-05,COMPLETE
97,97,,2024-04-30 11:03:40.889883,,,0.7381274213384893,0.9004786428488698,640,0.009909654032254772,4,2,8.771321500976128e-05,RUNNING
98,98,0.03331915763291446,2024-04-30 11:03:41.123749,2024-04-30 17:47:48.453327,0 days 06:44:07.329578,0.88110492144272,0.5309561655002472,384,0.009226196578871018,2,3,2.30660563209865e-05,COMPLETE
99,99,0.05795181782924252,2024-04-30 11:03:41.157917,2024-04-30 17:54:12.755886,0 days 06:50:31.597969,0.5125526392079429,0.7601211254891794,512,0.007999868363664023,2,1,5.354711544702309e-05,COMPLETE
100,100,0.0628540896492087,2024-04-30 11:03:41.187972,2024-04-30 17:54:16.363368,0 days 06:50:35.175396,0.6453046227466147,0.9881445972266196,512,0.009273250827078479,4,1,3.7974388098169805e-05,COMPLETE
101,101,0.10116443144423622,2024-04-30 11:03:41.218834,2024-04-30 17:44:25.679608,0 days 06:40:44.460774,0.5630275374716053,0.5219605813103783,512,0.00367138338537727,4,4,6.24871286301768e-05,COMPLETE
102,102,0.011577595962671104,2024-04-30 11:03:41.241508,2024-04-30 17:49:18.628195,0 days 06:45:37.386687,0.8776332130705584,0.9445955207679032,384,0.0024350125266139892,16,2,6.4584397989941e-05,COMPLETE
103,103,0.059084764548710415,2024-04-30 11:03:41.334104,2024-04-30 17:55:52.492316,0 days 06:52:11.158212,0.5703744879837246,0.5839646029851778,512,0.005236647805706278,2,1,9.168328323435075e-06,COMPLETE
104,104,0.042339437612981506,2024-04-30 11:03:41.480797,2024-04-30 17:44:25.568263,0 days 06:40:44.087466,0.5792422099828296,0.888338515626734,384,0.004564527302704055,2,4,7.12902130425147e-05,COMPLETE
105,105,0.06800647099296768,2024-04-30 11:03:41.535557,2024-04-30 17:47:48.560832,0 days 06:44:07.025275,0.6085654533554274,0.6915876837085,1024,0.00647766320861853,4,3,3.670623574251598e-05,COMPLETE
106,106,0.0403396233964663,2024-04-30 11:03:41.618736,2024-04-30 17:55:56.386613,0 days 06:52:14.767877,0.5997315027412474,0.7949040882662364,768,0.004556820801658295,8,1,4.8678765321930115e-05,COMPLETE
107,107,0.03540431646815626,2024-04-30 11:03:42.763765,2024-04-30 17:50:26.677502,0 days 06:46:43.913737,0.8178767980122992,0.6841280534760322,896,0.007857472369633278,8,2,6.511835594269254e-06,COMPLETE
108,108,0.07455480165650576,2024-04-30 11:03:43.484745,2024-04-30 17:50:47.762184,0 days 06:47:04.277439,0.681091470125176,0.6563805861964264,384,0.003866816998031341,8,2,1.2285001507006346e-05,COMPLETE
109,109,0.0335702012369643,2024-04-30 11:03:43.534877,2024-04-30 17:44:25.835783,0 days 06:40:42.300906,0.8059825874184627,0.8829179745185021,768,0.007092679869282101,8,4,2.1335241716744146e-05,COMPLETE
110,110,0.0557482060754583,2024-04-30 11:03:43.654655,2024-04-30 17:44:25.776058,0 days 06:40:42.121403,0.7946725932794239,0.7242632743952624,256,0.009634159889471064,4,4,1.4422532259192196e-05,COMPLETE
111,111,0.03488172353668646,2024-04-30 11:03:43.898305,2024-04-30 17:53:46.710239,0 days 06:50:02.811934,0.684052188284733,0.9286538979776827,768,0.0035244070953532676,2,1,1.2920582474352744e-05,COMPLETE
112,112,0.05551011562024876,2024-04-30 11:03:44.003355,2024-04-30 17:50:36.803170,0 days 06:46:52.799815,0.7794165810641027,0.7920258933958463,128,0.009944619812557275,4,2,9.351420372007094e-05,COMPLETE
113,113,0.03588207074122512,2024-04-30 11:03:44.273919,2024-04-30 17:55:10.197082,0 days 06:51:25.923163,0.6589341267983563,0.5227747894795263,640,0.004200374005975345,8,1,1.1066469338432188e-06,COMPLETE
114,114,0.03691241441060712,2024-04-30 11:03:44.496353,2024-04-30 17:51:53.417081,0 days 06:48:08.920728,0.5561689748669142,0.9688595048471903,512,0.006525738561539704,4,2,5.939003969150916e-05,COMPLETE
115,115,0.050981831902162336,2024-04-30 11:03:44.572236,2024-04-30 17:44:25.845340,0 days 06:40:41.273104,0.6556720128776511,0.9014449020823561,384,0.00791846020854873,16,4,1.4814946707822507e-05,COMPLETE
116,116,0.1370603141911102,2024-04-30 11:03:44.668683,2024-04-30 17:44:25.674095,0 days 06:40:41.005412,0.7012288306927025,0.7288856035213924,128,0.0035558387471363207,8,4,5.560497682532468e-05,COMPLETE
117,117,0.11765794717259222,2024-04-30 11:03:44.739590,2024-04-30 17:34:18.317270,0 days 06:30:33.577680,0.77860195502299,0.8253757931587443,128,0.008578617239203603,8,4,7.555009075392667e-05,COMPLETE
118,118,0.036489369283184345,2024-04-30 11:03:44.810338,2024-04-30 17:35:26.223496,0 days 06:31:41.413158,0.7745532448601249,0.8352553388498603,1024,0.007959340453771805,16,4,1.4606901158753712e-05,COMPLETE
119,119,0.03373688609375582,2024-04-30 11:03:45.322264,2024-04-30 17:47:26.912681,0 days 06:43:41.590417,0.8748501038242249,0.6313890828688,128,0.007692253537685004,8,3,4.831137207633229e-05,COMPLETE
120,120,0.021951485844530584,2024-04-30 11:03:45.405133,2024-04-30 17:53:37.866940,0 days 06:49:52.461807,0.7618771420808212,0.6648462188579567,768,0.0028645220981154047,2,1,6.060569043416217e-05,COMPLETE
121,121,0.04000998373058709,2024-04-30 11:03:45.863676,2024-04-30 17:55:46.437231,0 days 06:52:00.573555,0.5946252690624381,0.8086602531380513,256,0.008360415952934797,16,1,8.736619848709977e-05,COMPLETE
122,122,0.050451728632246264,2024-04-30 11:03:46.110490,2024-04-30 17:55:53.313676,0 days 06:52:07.203186,0.599730143133927,0.8285415643301662,128,0.00445206865246243,2,1,8.61885655953782e-05,COMPLETE
123,123,0.12619155732455192,2024-04-30 11:03:46.404572,2024-04-30 17:46:45.231845,0 days 06:42:58.827273,0.735239264328033,0.7067260460900395,256,0.008907141167121024,16,3,3.5142721279720734e-05,COMPLETE
124,124,0.019869179819666204,2024-04-30 11:03:47.835249,2024-04-30 17:55:56.995723,0 days 06:52:09.160474,0.7663267589742466,0.608872207755624,1024,0.0011198340688573498,2,1,9.493596437133595e-06,COMPLETE
125,125,0.027056905384542362,2024-04-30 11:03:48.137112,2024-04-30 17:55:15.989977,0 days 06:51:27.852865,0.5155999416145709,0.8015611627031016,640,0.002031370071399174,8,1,4.3904960589771265e-05,COMPLETE
126,126,0.06604511027921846,2024-04-30 11:03:48.943152,2024-04-30 17:40:50.912447,0 days 06:37:01.969295,0.7255977661258839,0.9967038469344524,640,0.008580819159326871,16,4,5.4221097649338175e-05,COMPLETE
127,127,0.06028975028689806,2024-04-30 11:03:50.145890,2024-04-30 17:44:25.415412,0 days 06:40:35.269522,0.5426132284663626,0.5535692966757119,128,0.0062642668649221045,4,4,8.102203550031621e-05,COMPLETE
128,128,0.07598159895218037,2024-04-30 11:05:45.700874,2024-04-30 11:07:20.363326,0 days 00:01:34.662452,0.5646567947152933,0.9741813667219166,1024,0.008854948875114808,4,2,5.2079512055610675e-05,COMPLETE
