,number,value,datetime_start,datetime_complete,duration,params_beta1,params_beta2,params_hidden_dim,params_learning_rate,params_num_heads,params_num_layers,params_weight_decay,state
129,129,0.06612540246894608,2024-04-30 11:06:52.422674,2024-04-30 11:08:48.766934,0 days 00:01:56.344260,0.8416915412005357,0.5457125479242916,384,0.0041752656093778755,8,3,9.931130838497915e-05,COMPLETE
130,130,0.01997336945637609,2024-04-30 11:06:52.620302,2024-04-30 11:08:46.573564,0 days 00:01:53.953262,0.5076372931321763,0.5143949522515961,128,0.0016462650461042169,4,2,5.993649514904419e-05,COMPLETE
131,131,0.12864999153784343,2024-04-30 11:06:58.125616,2024-04-30 11:10:48.542867,0 days 00:03:50.417251,0.7706189156231913,0.5337943511356251,256,0.0026473834834895697,2,4,9.569516715921503e-05,COMPLETE
132,132,0.07078396809565557,2024-04-30 11:07:20.438787,2024-04-30 11:08:39.168263,0 days 00:01:18.729476,0.7845787931813268,0.9141451662331261,896,0.005882592317206461,2,1,6.890034357528305e-05,COMPLETE
133,133,0.07821455277760565,2024-04-30 11:07:21.754679,2024-04-30 11:09:35.878191,0 days 00:02:14.123512,0.5783190005901113,0.5471562905808485,768,0.002501377543213342,8,3,4.5879839321871863e-05,COMPLETE
134,134,0.03453473670174291,2024-04-30 11:08:17.622800,2024-04-30 11:12:36.264134,0 days 00:04:18.641334,0.8846509697409523,0.5560245836157371,1024,0.005777652707702487,4,2,4.041277681435721e-06,COMPLETE
135,135,0.033503025935487055,2024-04-30 11:08:39.394905,2024-04-30 11:10:05.050212,0 days 00:01:25.655307,0.8679305894820444,0.9743739546102919,896,0.004110129200814195,2,1,5.168818672847179e-05,COMPLETE
136,136,0.10981237789962715,2024-04-30 11:08:46.636169,2024-04-30 11:10:20.669976,0 days 00:01:34.033807,0.6820082369321147,0.7887300103124077,128,0.006232029768771938,16,2,4.883302971605637e-05,COMPLETE
137,137,0.012700824202058507,2024-04-30 11:08:48.831482,2024-04-30 11:09:59.275142,0 days 00:01:10.443660,0.7675440311857941,0.7969533282897903,256,0.0021964642256324454,16,1,9.159799985757687e-05,COMPLETE
138,138,0.0139536422866828,2024-04-30 11:09:35.941440,2024-04-30 11:11:00.230434,0 days 00:01:24.288994,0.7153172490072892,0.7867664353176721,256,0.0005148640583754922,16,1,1.9468294947343334e-05,COMPLETE
139,139,0.011940796726516314,2024-04-30 11:09:59.364454,2024-04-30 11:11:16.812050,0 days 00:01:17.447596,0.7595593812463352,0.805519470194021,256,0.00026224167123518796,16,1,9.430179594515499e-05,COMPLETE
140,140,0.011016897208085566,2024-04-30 11:10:05.159294,2024-04-30 11:11:39.392127,0 days 00:01:34.232833,0.7408146252237301,0.8187132967299996,256,0.00011408903708695173,16,1,9.455648566656143e-05,COMPLETE
141,141,0.01036493078446685,2024-04-30 11:10:20.743232,2024-04-30 11:11:42.666151,0 days 00:01:21.922919,0.772798127587516,0.8470741917106056,256,0.00012528176588666538,16,1,9.133650029843214e-05,COMPLETE
142,142,0.011084202056129774,2024-04-30 11:10:28.543265,2024-04-30 11:16:45.671475,0 days 00:06:17.128210,0.7892095472158661,0.8551576190187088,256,0.00043276226380908065,16,1,9.46956270912984e-05,COMPLETE
143,143,0.012742022665225582,2024-04-30 11:10:48.666574,2024-04-30 11:12:49.116695,0 days 00:02:00.450121,0.7919905703685086,0.8457967514209543,512,0.0002401906853733483,16,1,8.150520084734785e-05,COMPLETE
144,144,0.009767121818819733,2024-04-30 11:11:00.315194,2024-04-30 11:12:48.241084,0 days 00:01:47.925890,0.820967956690733,0.8569356008599087,512,0.0011770189872342767,16,2,8.832863028111793e-05,COMPLETE
145,145,0.010484122657075975,2024-04-30 11:11:16.894876,2024-04-30 11:12:55.852456,0 days 00:01:38.957580,0.8151939956218552,0.8818931718343386,640,0.0009525611192305516,16,2,8.116120079526852e-05,COMPLETE
146,146,0.01015270459445524,2024-04-30 11:11:39.499662,2024-04-30 11:13:36.936333,0 days 00:01:57.436671,0.825882556013246,0.8678560303519828,640,0.0011325102507020628,16,2,8.10915877226861e-05,COMPLETE
147,147,0.0144375723693923,2024-04-30 11:11:42.738324,2024-04-30 11:13:23.181393,0 days 00:01:40.443069,0.6532609982822998,0.8668717281251928,640,0.001102555006918175,16,2,8.213832122112787e-05,COMPLETE
148,148,0.01083678946914998,2024-04-30 11:12:36.392220,2024-04-30 11:17:03.426815,0 days 00:04:27.034595,0.8185727831732946,0.8824658896525301,640,0.001328490235260679,16,1,8.091411421728345e-05,COMPLETE
149,149,0.010213838896242442,2024-04-30 11:12:48.621096,2024-04-30 11:14:31.797857,0 days 00:01:43.176761,0.8184086759354087,0.8711580265417904,512,0.0010176374665655864,16,2,8.227425191377081e-05,COMPLETE
150,150,0.013523351284171337,2024-04-30 11:12:49.186782,2024-04-30 11:15:39.074265,0 days 00:02:49.887483,0.653814120331915,0.8688816652335246,640,0.0008967559800971666,16,2,8.124704361766767e-05,COMPLETE
151,151,0.009535954047591139,2024-04-30 11:12:55.933359,2024-04-30 11:14:28.760892,0 days 00:01:32.827533,0.8339448005208663,0.8845528060011316,640,0.0011236489146716393,16,2,8.032905088420274e-05,COMPLETE
152,152,0.010740653369817641,2024-04-30 11:13:23.264718,2024-04-30 11:15:01.246591,0 days 00:01:37.981873,0.8239061057803778,0.8921025681487519,640,0.0011960886143735573,16,2,8.194267147959287e-05,COMPLETE
153,153,0.036896856388810906,2024-04-30 11:13:37.314977,2024-04-30 11:15:34.434283,0 days 00:01:57.119306,0.8393953984249999,0.9188206665805064,512,0.003097201576131913,16,2,8.514992360583333e-05,COMPLETE
154,154,0.03150731307813229,2024-04-30 11:14:02.360168,2024-04-30 11:43:29.703125,0 days 00:29:27.342957,0.849816990812017,0.7037955483614924,512,0.003342275614557041,16,2,7.420547134921222e-05,COMPLETE
155,155,0.03168581036681479,2024-04-30 11:14:28.850581,2024-04-30 11:16:03.179343,0 days 00:01:34.328762,0.8493907646518392,0.9304604271083655,640,0.003275193115903492,16,2,7.59510377942734e-05,COMPLETE
156,156,0.032703506292622066,2024-04-30 11:14:31.909424,2024-04-30 11:16:26.170501,0 days 00:01:54.261077,0.8513107552175263,0.9287265108792823,640,0.003395857375526736,16,2,7.402564016986739e-05,COMPLETE
157,157,0.07802939219037433,2024-04-30 11:15:01.446564,2024-04-30 11:16:56.269782,0 days 00:01:54.823218,0.8455010832565926,0.9421349078808041,640,0.0029908105248461943,16,3,7.333709780640788e-05,COMPLETE
158,158,0.009940753648565575,2024-04-30 11:15:34.544878,2024-04-30 11:17:34.433299,0 days 00:01:59.888421,0.8537286532139285,0.9493724814688366,640,0.0015619977427567687,16,2,7.318474088820946e-05,COMPLETE
159,159,0.009847959519658254,2024-04-30 11:15:39.124631,2024-04-30 11:19:37.930294,0 days 00:03:58.805663,0.8501958378287363,0.9363595962446731,512,0.0016934702877583786,16,3,7.161958686765745e-05,COMPLETE
160,160,0.013092336652082799,2024-04-30 11:16:03.244931,2024-04-30 11:17:44.182048,0 days 00:01:40.937117,0.8048059981502702,0.6976441447580828,512,0.00188736856208619,16,3,7.246604885896037e-05,COMPLETE
161,161,0.012816354184858984,2024-04-30 11:16:26.275807,2024-04-30 11:18:16.957576,0 days 00:01:50.681769,0.8005596963812636,0.690711705429985,512,0.0016005709327872259,16,3,8.822668874750305e-05,COMPLETE
162,162,0.01231208529113691,2024-04-30 11:16:45.781699,2024-04-30 11:36:43.259230,0 days 00:19:57.477531,0.8113600995811036,0.6559601075815559,512,0.0016342497763358775,16,3,3.6319364918184e-05,COMPLETE
163,163,0.012976107344805421,2024-04-30 11:16:56.367114,2024-04-30 11:18:37.024511,0 days 00:01:40.657397,0.8186537911957043,0.698456833733181,512,0.0018013484354194517,8,3,3.708895263426287e-05,COMPLETE
164,164,0.034815549092504366,2024-04-30 11:17:03.777518,2024-04-30 11:26:53.419474,0 days 00:09:49.641956,0.7456560132303665,0.6853499923771332,512,0.0019964861899671358,8,3,3.558722559574117e-05,COMPLETE
165,165,0.01096809787264505,2024-04-30 11:17:34.534905,2024-04-30 11:19:48.453549,0 days 00:02:13.918644,0.8750178705920855,0.7050416095788785,384,0.0020383465854304085,8,3,5.7266236522613036e-05,COMPLETE
166,166,0.07071385437469462,2024-04-30 11:17:44.241172,2024-04-30 11:19:02.806339,0 days 00:01:18.565167,0.8670921622221807,0.7302331921649795,384,0.0050475055025333854,8,2,8.768578336807618e-05,COMPLETE
167,167,0.03151040507311171,2024-04-30 11:18:17.015225,2024-04-30 11:19:49.751308,0 days 00:01:32.736083,0.8976030797534261,0.9566613680395765,640,0.0046515060828593875,8,2,3.612916824360319e-05,COMPLETE
168,168,0.03610332567422163,2024-04-30 11:18:37.329478,2024-04-30 11:20:02.195192,0 days 00:01:24.865714,0.8680760356881956,0.9971823920264938,384,0.0023988383649118797,16,2,6.517221432183275e-05,COMPLETE
169,169,0.011044572631614806,2024-04-30 11:19:02.900776,2024-04-30 11:20:25.140474,0 days 00:01:22.239698,0.8988248704713644,0.9520439396316562,512,0.0022431348310432914,16,2,6.6417560512078e-05,COMPLETE
170,170,0.07215475113215772,2024-04-30 11:19:38.049176,2024-04-30 11:24:16.189939,0 days 00:04:38.140763,0.8930196364247431,0.8289238563046166,640,0.0022718034218975718,16,3,5.956899148404294e-05,COMPLETE
171,171,0.04302501700237974,2024-04-30 11:19:48.528531,2024-04-30 11:21:52.897629,0 days 00:02:04.369098,0.8826949299673142,0.9973385139380184,640,0.002681516915004389,16,2,6.34186456737119e-05,COMPLETE
172,172,0.03511900200762532,2024-04-30 11:19:50.084348,2024-04-30 11:21:50.541403,0 days 00:02:00.457055,0.7376862205488041,0.8282614686897062,768,0.002503400505829901,4,3,6.626122312615844e-05,COMPLETE
173,173,0.04602517513356683,2024-04-30 11:20:02.262174,2024-04-30 11:22:00.531713,0 days 00:01:58.269539,0.7404311252309539,0.9056497608766214,768,0.003718596852652269,4,3,6.912550993441963e-05,COMPLETE
174,174,0.06250585756744399,2024-04-30 11:20:25.204492,2024-04-30 11:22:25.510560,0 days 00:02:00.306068,0.7434021087352831,0.8288225731845946,768,0.0077939567983423075,4,4,7.616094111015983e-05,COMPLETE
175,175,0.04647422121491009,2024-04-30 11:21:50.653324,2024-04-30 11:24:13.111614,0 days 00:02:22.458290,0.8341557381370929,0.9970232081965547,1024,0.008378073267090813,2,4,7.661040415157424e-05,COMPLETE
176,176,0.06300329645587639,2024-04-30 11:21:52.964214,2024-04-30 11:25:06.689273,0 days 00:03:13.725059,0.8343066362858972,0.9022515261139914,1024,0.0036617789685141787,4,4,5.7875302040582064e-05,COMPLETE
177,177,0.0712690157614229,2024-04-30 11:22:00.588037,2024-04-30 11:24:09.665208,0 days 00:02:09.077171,0.8338445973866346,0.7717815290104995,1024,0.009820940051958719,2,4,9.981616386539721e-05,COMPLETE
178,178,0.010418350302344148,2024-04-30 11:22:25.566364,2024-04-30 11:23:43.526236,0 days 00:01:17.959872,0.8362481328727499,0.9022463199437949,512,0.001420528352871456,2,2,8.599936463441924e-05,COMPLETE
179,179,0.009553321246138382,2024-04-30 11:23:43.585381,2024-04-30 11:25:14.061141,0 days 00:01:30.475760,0.8297727281495864,0.9756682917655183,1024,0.0006971009525977507,16,2,5.886050995611539e-05,COMPLETE
180,180,0.009214324161039416,2024-04-30 11:24:09.750669,2024-04-30 11:25:46.127915,0 days 00:01:36.377246,0.864297609747781,0.9670257512476227,896,0.0006008024241348816,16,2,7.865638074297935e-05,COMPLETE
181,181,0.009231649222279781,2024-04-30 11:24:13.232213,2024-04-30 11:25:55.704939,0 days 00:01:42.472726,0.8543906731406865,0.9709904481513498,896,0.0007946789816434754,16,2,5.890909831820907e-05,COMPLETE
182,182,0.010787508712508978,2024-04-30 11:24:16.259761,2024-04-30 11:27:27.141549,0 days 00:03:10.881788,0.8577219069621322,0.6360760427547093,896,0.0007316047197289071,16,2,9.102336125866191e-05,COMPLETE
183,183,0.010332567357252558,2024-04-30 11:25:06.750079,2024-04-30 11:27:03.050198,0 days 00:01:56.300119,0.8575427181894626,0.632754525841347,896,0.0007179050724970041,16,2,7.07743163313617e-05,COMPLETE
184,184,0.008969132149454963,2024-04-30 11:25:14.121672,2024-04-30 11:26:46.076665,0 days 00:01:31.954993,0.8598984396163464,0.9793610276344447,896,0.000679440414497865,16,2,7.067758653935121e-05,COMPLETE
185,185,0.009089470732134657,2024-04-30 11:25:46.432077,2024-04-30 11:27:24.013488,0 days 00:01:37.581411,0.8583340219917902,0.9694801932099568,896,0.0007662845436037276,16,2,7.084735563835028e-05,COMPLETE
186,186,0.009379199020629064,2024-04-30 11:25:55.765887,2024-04-30 11:27:41.001716,0 days 00:01:45.235829,0.8618898204864994,0.9728033720935613,896,0.0006520356406920503,16,2,5.399359563668147e-05,COMPLETE
187,187,0.008991788068858834,2024-04-30 11:26:46.142443,2024-04-30 11:28:20.802246,0 days 00:01:34.659803,0.8645637613045639,0.9709500103183322,896,0.0006897703358174358,16,2,5.510961939638575e-05,COMPLETE
188,188,0.009397765653796526,2024-04-30 11:26:53.539222,2024-04-30 11:33:43.856768,0 days 00:06:50.317546,0.8563732102876361,0.9740251432970318,896,0.0006398512987935655,16,2,5.480237009421116e-05,COMPLETE
189,189,0.010107932612299919,2024-04-30 11:27:03.150979,2024-04-30 11:29:01.467391,0 days 00:01:58.316412,0.862450462305422,0.9751441395463928,896,0.000650670543048499,16,2,5.468813220416037e-05,COMPLETE
190,190,0.008726411063659501,2024-04-30 11:27:24.076386,2024-04-30 11:29:03.897216,0 days 00:01:39.820830,0.8618480004076786,0.9766537090636103,896,0.000690986079193003,16,2,5.438332998268776e-05,COMPLETE
191,191,0.008880159851905458,2024-04-30 11:27:27.204957,2024-04-30 11:30:36.450779,0 days 00:03:09.245822,0.8714698462164712,0.9730294130009308,896,0.0005756577928213113,16,2,4.685950797325998e-05,COMPLETE
192,192,0.008975650752326111,2024-04-30 11:27:41.104356,2024-04-30 11:29:25.332691,0 days 00:01:44.228335,0.8785380544754948,0.9715358927721539,896,0.0005293148381260032,16,2,5.606497974255294e-05,COMPLETE
193,193,0.009253900705784301,2024-04-30 11:28:20.927665,2024-04-30 11:29:54.704176,0 days 00:01:33.776511,0.8788528407530423,0.976071139469458,896,0.000420376615094254,16,2,4.8341163129219385e-05,COMPLETE
194,194,0.01015232191763786,2024-04-30 11:29:01.570939,2024-04-30 11:30:59.724858,0 days 00:01:58.153919,0.8818497046573914,0.9672887753633865,896,0.00035945799305256,16,2,4.899747212452176e-05,COMPLETE
195,195,0.009355912055594452,2024-04-30 11:29:04.001666,2024-04-30 11:30:42.508976,0 days 00:01:38.507310,0.8818755906038453,0.9691157314497804,896,0.00045212189376011295,16,2,4.6010759363153414e-05,COMPLETE
196,196,0.009506443190868154,2024-04-30 11:29:25.406121,2024-04-30 11:31:10.565348,0 days 00:01:45.159227,0.8767003835204981,0.9598810680725117,896,0.00037345325251767457,16,2,4.4593358204524715e-05,COMPLETE
197,197,0.010642830903331438,2024-04-30 11:29:54.812714,2024-04-30 11:31:28.578635,0 days 00:01:33.765921,0.8846588494256815,0.95977684647602,896,0.00011856637662881984,16,2,4.324216736977421e-05,COMPLETE
198,198,0.010916010738709273,2024-04-30 11:30:36.524227,2024-04-30 11:33:45.766278,0 days 00:03:09.242051,0.8850766932077201,0.9601413748882405,896,0.0001613529423680533,16,2,4.248502825498451e-05,COMPLETE
199,199,0.010677652306516062,2024-04-30 11:30:42.587866,2024-04-30 11:32:21.160811,0 days 00:01:38.572945,0.8862677836880491,0.9593585740894183,896,0.0001236319110337864,16,2,4.199202131780033e-05,COMPLETE
200,200,0.024363479742304586,2024-04-30 11:30:59.803035,2024-04-30 11:32:58.717340,0 days 00:01:58.914305,0.8687320743110827,0.9855027729122128,896,0.0013660656696694602,16,2,3.937936034963951e-05,COMPLETE
201,201,0.010658950171961543,2024-04-30 11:31:10.628991,2024-04-30 11:32:54.953841,0 days 00:01:44.324850,0.8901504859863606,0.9843853731039666,896,0.001433292305980994,16,2,6.211788978486013e-05,COMPLETE
202,202,0.03256768434110916,2024-04-30 11:31:28.671349,2024-04-30 11:33:02.926312,0 days 00:01:34.254963,0.5064815802388289,0.9254811205567204,896,0.0009150873403673898,16,2,4.021968516095977e-05,COMPLETE
203,203,0.033533786242077875,2024-04-30 11:32:21.248308,2024-04-30 11:34:00.484750,0 days 00:01:39.236442,0.8691662170109475,0.9863144171559369,896,0.0013761853447877511,16,2,3.9594274766732154e-05,COMPLETE
204,204,0.02992302785300976,2024-04-30 11:32:55.221713,2024-04-30 11:34:40.822932,0 days 00:01:45.601219,0.5234784671042283,0.9213501235951511,896,0.0008554876308683354,16,2,5.49343646121062e-05,COMPLETE
205,205,0.00986698672207661,2024-04-30 11:32:58.777216,2024-04-30 11:34:52.903010,0 days 00:01:54.125794,0.8467782417789091,0.9192034777125937,896,0.000860850712019736,16,2,5.477583219513733e-05,COMPLETE
206,206,0.009655407926237041,2024-04-30 11:33:02.992087,2024-04-30 11:34:37.465374,0 days 00:01:34.473287,0.8040398276387272,0.9441186978254297,896,0.0010117764676939533,16,2,5.4707985520174186e-05,COMPLETE
207,207,0.033722268062688056,2024-04-30 11:33:43.962510,2024-04-30 11:37:05.199880,0 days 00:03:21.237370,0.8054083583377352,0.9387945661766341,128,0.006226310150686174,16,1,3.12058613352815e-05,COMPLETE
208,208,0.010875000184990498,2024-04-30 11:33:45.899807,2024-04-30 11:36:24.301928,0 days 00:02:38.402121,0.8048073133043129,0.9177247187020614,128,0.0009131744134056638,16,2,2.9347670550416495e-05,COMPLETE
209,209,0.013125048782998994,2024-04-30 11:34:00.553028,2024-04-30 11:35:32.026127,0 days 00:01:31.473099,0.6121064731490804,0.9418179868896193,128,0.0008425357648319148,16,2,5.082976825478856e-05,COMPLETE
210,210,0.016293913621890855,2024-04-30 11:34:37.530839,2024-04-30 11:36:02.283838,0 days 00:01:24.752999,0.5249011896295339,0.9367776564748896,128,0.0008316935067164432,16,2,3.128081336777053e-05,COMPLETE
211,211,0.03364515168293988,2024-04-30 11:34:41.084026,2024-04-30 11:36:18.995432,0 days 00:01:37.911406,0.8451288626469926,0.9388207160736197,128,0.0063646871476911,16,2,3.22181796845992e-05,COMPLETE
212,212,0.0689411432163798,2024-04-30 11:34:53.017388,2024-04-30 11:36:42.681972,0 days 00:01:49.664584,0.8737246274603013,0.9356089100281886,128,0.006479802048231661,16,2,5.0635262115724794e-05,COMPLETE
213,213,0.009919175948721893,2024-04-30 11:35:32.093060,2024-04-30 11:37:19.024119,0 days 00:01:46.931059,0.8727002217469784,0.9385227645493459,896,0.0004343800325796901,16,2,3.2720587035181626e-05,COMPLETE
214,214,0.035381489909088716,2024-04-30 11:36:02.348269,2024-04-30 11:37:29.243577,0 days 00:01:26.895308,0.8447557847947937,0.983271309072813,896,0.006279771939183287,16,1,4.702695401793009e-05,COMPLETE
215,215,0.01265840788948394,2024-04-30 11:36:19.105064,2024-04-30 11:38:02.415169,0 days 00:01:43.310105,0.8098411772443631,0.987311930215018,896,0.0004496884264745332,2,1,4.651722094221451e-05,COMPLETE
216,216,0.008992939739935583,2024-04-30 11:36:24.386818,2024-04-30 11:38:25.155863,0 days 00:02:00.769045,0.875269261426886,0.9854572819514387,896,0.0005097242876891395,2,1,4.7637554970643596e-05,COMPLETE
217,217,0.008416783332711819,2024-04-30 11:36:42.802934,2024-04-30 11:38:37.027630,0 days 00:01:54.224696,0.8961903813006489,0.9810364971897276,896,0.0011843163479195837,2,1,4.758337197498752e-05,COMPLETE
218,218,0.011660897356429787,2024-04-30 11:36:43.327382,2024-04-30 11:43:28.888266,0 days 00:06:45.560884,0.876014215380853,0.5772496291020204,896,0.00046331723929361426,16,2,4.787340521360387e-05,COMPLETE
219,219,0.008708447649333127,2024-04-30 11:37:05.311265,2024-04-30 11:40:49.440426,0 days 00:03:44.129161,0.897771918695035,0.98740583094546,896,0.0005026384760916943,16,2,4.689912956387101e-05,COMPLETE
220,220,0.008431147467506268,2024-04-30 11:37:19.087107,2024-04-30 11:39:14.897124,0 days 00:01:55.810017,0.8972430054085817,0.9854312149803042,896,0.0004937361323084483,2,2,4.7196063269473225e-05,COMPLETE
221,221,0.010155992517933185,2024-04-30 11:37:29.315873,2024-04-30 11:39:22.565273,0 days 00:01:53.249400,0.8949577156182682,0.5669980081186099,896,0.0005010157605943228,2,2,4.69431281564694e-05,COMPLETE
222,222,0.05477767824739605,2024-04-30 11:38:02.755326,2024-04-30 11:40:00.161447,0 days 00:01:57.406121,0.8627610547646376,0.9976859642007515,896,0.0011972450725705917,16,2,6.132084566828036e-05,COMPLETE
223,223,0.05047694075997774,2024-04-30 11:38:25.226413,2024-04-30 11:40:24.110060,0 days 00:01:58.883647,0.8977221781374659,0.9973224864579651,896,0.0011956712823935492,2,1,6.150918872423525e-05,COMPLETE
224,224,0.013735377012038386,2024-04-30 11:38:37.103560,2024-04-30 11:40:26.289434,0 days 00:01:49.185874,0.8942994233665702,0.5727970213878792,896,0.001320318002758851,2,1,6.120278967090023e-05,COMPLETE
225,225,0.03839483035494497,2024-04-30 11:39:14.977298,2024-04-30 11:40:45.479576,0 days 00:01:30.502278,0.8984385833806106,0.9977727089835261,896,0.0012700277671682891,2,1,5.23626501887929e-05,COMPLETE
226,226,0.026664185692511853,2024-04-30 11:39:22.646760,2024-04-30 11:40:49.739875,0 days 00:01:27.093115,0.8997912623377046,0.9971749904409664,896,0.0012293704959203057,2,1,7.821228554636076e-05,COMPLETE
227,227,0.009163594510390128,2024-04-30 11:40:00.260291,2024-04-30 11:41:35.793359,0 days 00:01:35.533068,0.8957406048406863,0.9504431708969104,896,0.0011526376549588248,2,1,5.289011913183559e-05,COMPLETE
228,228,0.008463444311204023,2024-04-30 11:40:24.203526,2024-04-30 11:42:17.862959,0 days 00:01:53.659433,0.8999182089636932,0.9524767257997513,896,0.0011478066011562913,2,1,5.201633867013408e-05,COMPLETE
229,229,0.009597788707986152,2024-04-30 11:40:26.360752,2024-04-30 11:42:07.246512,0 days 00:01:40.885760,0.8558793047110425,0.9517584518194,896,0.0010445132829012404,2,1,5.2658780350564694e-05,COMPLETE
230,230,0.014211061475113099,2024-04-30 11:40:45.608470,2024-04-30 11:42:18.870968,0 days 00:01:33.262498,0.8512678288289746,0.9510755282264753,896,0.0017687000151361126,2,1,5.670548465653704e-05,COMPLETE
231,231,0.010159948326695662,2024-04-30 11:40:49.513364,2024-04-30 11:43:12.148022,0 days 00:02:22.634658,0.8755608584773139,0.9551176673837102,896,0.0003134196488938394,2,1,7.878575040443245e-05,COMPLETE
232,232,0.010423955757541832,2024-04-30 11:40:49.829143,2024-04-30 11:42:19.693770,0 days 00:01:29.864627,0.8742029394044483,0.9557787608956846,896,0.00024789434341708906,2,1,4.927040884601345e-05,COMPLETE
233,233,0.009493540158067948,2024-04-30 11:41:35.898925,2024-04-30 11:43:04.939884,0 days 00:01:29.040959,0.8756506710966433,0.9514075808944843,256,0.0016979325627796292,2,1,5.245740878448299e-05,COMPLETE
234,234,0.009724726178784133,2024-04-30 11:42:07.384697,2024-04-30 11:43:40.596503,0 days 00:01:33.211806,0.8757952582541954,0.9510849517837475,256,0.00028113022819253896,2,1,5.6833802017913795e-05,COMPLETE
