,number,value,datetime_start,datetime_complete,duration,params_beta1,params_beta2,params_hidden_dim,params_learning_rate,params_num_heads,params_num_layers,params_weight_decay,state
447,447,0.009243162526261239,2024-04-30 12:49:06.811159,2024-04-30 12:54:51.341640,0 days 00:05:44.530481,0.8864819888516194,0.9272699371930653,1024,0.0011374019343288037,8,3,5.063871654656646e-05,COMPLETE
448,448,0.009665732727551357,2024-04-30 12:49:24.493699,2024-04-30 12:51:26.719126,0 days 00:02:02.225427,0.8649926436330917,0.9345238715830296,1024,0.0011121116504343121,8,3,1.2959729760789913e-05,COMPLETE
449,449,0.030313737541275882,2024-04-30 12:49:35.995899,2024-04-30 12:52:21.490742,0 days 00:02:45.494843,0.8715019729773709,0.9277055167106996,1024,0.001128959829702209,8,3,5.039240291396898e-05,COMPLETE
450,450,0.03207424961965837,2024-04-30 12:50:42.484317,2024-04-30 12:52:32.193410,0 days 00:01:49.709093,0.8708868805193107,0.9351754498072474,896,0.004121186911069273,8,3,4.554040084142506e-05,COMPLETE
451,451,0.008511642508160371,2024-04-30 12:50:44.115604,2024-04-30 12:52:28.629459,0 days 00:01:44.513855,0.8704565027127161,0.9240498977233891,896,0.0009564338732693796,8,3,4.5574107839925725e-05,COMPLETE
452,452,0.008939516498783837,2024-04-30 12:51:26.814865,2024-04-30 12:53:26.130963,0 days 00:01:59.316098,0.8700364597956504,0.9226829946049789,896,0.000922221049160767,8,3,9.694446623882694e-05,COMPLETE
453,453,0.008743422128082741,2024-04-30 12:51:50.097252,2024-04-30 13:27:15.989173,0 days 00:35:25.891921,0.8696162723073195,0.944282635008761,896,0.0008952186292653121,8,3,5.0826502688096936e-05,COMPLETE
454,454,0.008383625525642525,2024-04-30 12:52:21.560750,2024-04-30 12:55:01.784295,0 days 00:02:40.223545,0.8788717989511489,0.9491222518759984,896,0.0008860608999565801,8,3,4.577413321050215e-05,COMPLETE
455,455,0.00851901000954243,2024-04-30 12:52:28.701885,2024-04-30 12:54:12.406173,0 days 00:01:43.704288,0.8784484122035974,0.9450240706629095,896,0.0009280443268122028,8,3,5.0397009147459326e-05,COMPLETE
456,456,0.009587595166711064,2024-04-30 12:52:32.274938,2024-04-30 12:54:21.151439,0 days 00:01:48.876501,0.8797924170201591,0.9450024036993037,896,0.0008996782254254168,4,3,5.036766242482148e-05,COMPLETE
457,457,0.011774148594475153,2024-04-30 12:52:49.663724,2024-04-30 13:05:59.932773,0 days 00:13:10.269049,0.8794589477964011,0.9525967514041407,896,0.0015295992826779297,4,3,5.037782648589278e-05,COMPLETE
458,458,0.008387234757424563,2024-04-30 12:53:26.193123,2024-04-30 12:55:24.307343,0 days 00:01:58.114220,0.8798873163980252,0.947209802074856,896,0.000550874878484727,4,3,5.070237995382924e-05,COMPLETE
459,459,0.00886355255815116,2024-04-30 12:54:12.559946,2024-04-30 12:55:55.057589,0 days 00:01:42.497643,0.8817480956156819,0.94840593906902,896,0.0005054400749235091,4,3,4.377317164291984e-05,COMPLETE
460,460,0.009852995668654834,2024-04-30 12:54:21.407539,2024-04-30 12:56:09.286136,0 days 00:01:47.878597,0.891815786806268,0.9494718726278859,896,0.0015509203351133408,8,3,4.392050923375341e-05,COMPLETE
461,461,0.010169512783761794,2024-04-30 12:54:51.413812,2024-04-30 13:00:22.828318,0 days 00:05:31.414506,0.8884364764610692,0.9559341133016949,896,0.00028566954488228047,8,3,4.456177522113925e-05,COMPLETE
462,462,0.008819020534684132,2024-04-30 12:55:01.863079,2024-04-30 12:57:40.863615,0 days 00:02:39.000536,0.8916208140529416,0.963275822807394,896,0.0005371799219149236,8,3,4.319599577200629e-05,COMPLETE
463,463,0.016471390894642383,2024-04-30 12:55:24.362720,2024-04-30 12:57:23.042019,0 days 00:01:58.679299,0.891471559159719,0.9572108919065085,896,0.001420030416131837,8,3,4.364927280732726e-05,COMPLETE
464,464,0.035239078455253856,2024-04-30 12:55:55.111696,2024-04-30 12:57:37.391299,0 days 00:01:42.279603,0.8909857527731083,0.9601737739605026,896,0.0031110518681359252,8,3,4.008952176032543e-05,COMPLETE
465,465,0.033640241742263106,2024-04-30 12:56:09.381776,2024-04-30 12:57:57.292539,0 days 00:01:47.910763,0.8910328791236335,0.9659485781805238,896,0.0031157432131590952,8,3,4.042455768675641e-05,COMPLETE
466,466,0.009970437005581536,2024-04-30 12:57:23.119135,2024-04-30 12:59:21.558630,0 days 00:01:58.439495,0.8910536041544181,0.9651520378058089,896,0.00021760480500909686,8,3,4.095859238676296e-05,COMPLETE
467,467,0.010445683541429508,2024-04-30 12:57:37.710976,2024-04-30 12:59:21.036992,0 days 00:01:43.326016,0.8915692613025712,0.966861029545631,896,0.0003059753492248386,8,3,4.814069141080099e-05,COMPLETE
468,468,0.009615445352316676,2024-04-30 12:57:40.948340,2024-04-30 13:00:19.175552,0 days 00:02:38.227212,0.8918672502484187,0.9708157135441744,896,0.00028316686226595195,8,3,4.865842538625149e-05,COMPLETE
469,469,0.008117826578904797,2024-04-30 12:57:57.375676,2024-04-30 12:59:45.337007,0 days 00:01:47.961331,0.8847479179061543,0.9716662804588213,896,0.0006861367803347482,8,3,4.7850101626331215e-05,COMPLETE
470,470,0.009466794883888779,2024-04-30 12:59:21.099186,2024-04-30 13:01:04.812567,0 days 00:01:43.713381,0.882528894587593,0.9382156772769316,896,0.0012850015911042875,8,3,4.602923687760224e-05,COMPLETE
471,471,0.011279649804729276,2024-04-30 12:59:21.658042,2024-04-30 13:01:19.427506,0 days 00:01:57.769464,0.8824166265289334,0.9383835912949855,896,0.0012521325470060878,8,3,4.611995770190928e-05,COMPLETE
472,472,0.009554858327524745,2024-04-30 12:59:45.402123,2024-04-30 13:01:33.995777,0 days 00:01:48.593654,0.7923659210976155,0.9733947091992851,896,0.0007368197971572533,8,3,4.627383877911406e-05,COMPLETE
473,473,0.008958205850835229,2024-04-30 13:00:19.262359,2024-04-30 13:02:57.183746,0 days 00:02:37.921387,0.8629030824350691,0.9360704591838201,896,0.0006725221365016923,8,3,4.64530219154148e-05,COMPLETE
474,474,0.008953975402705726,2024-04-30 13:00:23.137959,2024-04-30 13:05:58.318361,0 days 00:05:35.180402,0.878855660574351,0.9378054866377351,896,0.0006687409556657459,8,3,4.663193318379013e-05,COMPLETE
475,475,0.008897183543611398,2024-04-30 13:01:04.875468,2024-04-30 13:02:47.656553,0 days 00:01:42.781085,0.8612030909292033,0.9757736690867247,896,0.0007491300065799012,8,3,4.8269312492149034e-05,COMPLETE
476,476,0.008384310874233256,2024-04-30 13:01:19.533075,2024-04-30 13:03:17.926903,0 days 00:01:58.393828,0.876972738519683,0.9749908548337103,896,0.0006603176895419279,8,3,4.796553642895426e-05,COMPLETE
477,477,0.008061573538300278,2024-04-30 13:01:34.054695,2024-04-30 13:03:21.720266,0 days 00:01:47.665571,0.876264455558671,0.9768173720062341,896,0.0006856576782487552,8,3,4.876537937311781e-05,COMPLETE
478,478,0.008560224607570733,2024-04-30 13:02:47.736058,2024-04-30 13:04:30.690903,0 days 00:01:42.954845,0.8758883657079336,0.9575225164596701,896,0.0006153725435986629,8,3,5.2468537770082066e-05,COMPLETE
479,479,0.008940267140747278,2024-04-30 13:02:57.270956,2024-04-30 13:05:33.900002,0 days 00:02:36.629046,0.8765560070150554,0.9576340992482401,896,0.0005803140562194456,8,3,4.911842738219882e-05,COMPLETE
480,480,0.07540395185028836,2024-04-30 13:03:17.982784,2024-04-30 13:05:15.777279,0 days 00:01:57.794495,0.893595788383793,0.9559261169149514,896,0.006773173546498,8,3,5.2746499863292176e-05,COMPLETE
481,481,0.008512303098084735,2024-04-30 13:03:21.774823,2024-04-30 13:05:08.816574,0 days 00:01:47.041751,0.8752446219036936,0.9793587876943329,896,0.00043718913457584097,8,3,5.284706623921638e-05,COMPLETE
482,482,0.007900757319999464,2024-04-30 13:04:30.755516,2024-04-30 13:06:13.619740,0 days 00:01:42.864224,0.8939210692536532,0.9805103229351743,896,0.0004941932603873959,8,3,4.9672890368886375e-05,COMPLETE
483,483,0.007896942247785789,2024-04-30 13:05:08.880093,2024-04-30 13:06:57.181175,0 days 00:01:48.301082,0.8924622524398066,0.9689734517730249,896,0.0008098927754268901,8,3,4.874768129308539e-05,COMPLETE
484,484,0.008816342587175565,2024-04-30 13:05:15.844499,2024-04-30 13:07:14.299810,0 days 00:01:58.455311,0.8842709023680309,0.9713554161981114,896,0.00048514023323295954,8,3,4.861026422976128e-05,COMPLETE
485,485,0.007641513854087819,2024-04-30 13:05:33.976822,2024-04-30 13:08:11.853891,0 days 00:02:37.877069,0.8999724879571146,0.9689454093261676,896,0.0008210001885012994,8,3,4.949677807665097e-05,COMPLETE
486,486,0.0075571158088469535,2024-04-30 13:05:58.446533,2024-04-30 13:11:38.585052,0 days 00:05:40.138519,0.899788662236,0.968701004170908,1024,0.0009005892880982198,8,3,4.902808366287091e-05,COMPLETE
487,487,0.00759623030571517,2024-04-30 13:05:59.994524,2024-04-30 13:19:43.523168,0 days 00:13:43.528644,0.8997264898753586,0.9683754693772132,1024,0.0008858313275498028,8,3,4.897030100082708e-05,COMPLETE
488,488,0.013761756748154566,2024-04-30 13:06:13.693116,2024-04-30 13:07:56.235699,0 days 00:01:42.542583,0.6320327888880374,0.8700481399817697,896,0.0004301440256992654,8,3,4.9230839048189984e-05,COMPLETE
489,489,0.009069536717858536,2024-04-30 13:06:57.261827,2024-04-30 13:08:45.227715,0 days 00:01:47.965888,0.8676968934891336,0.9686791942702518,896,0.0004853426555748988,8,3,5.081546868044316e-05,COMPLETE
490,490,0.017657831145926214,2024-04-30 13:07:14.400648,2024-04-30 13:09:12.221626,0 days 00:01:57.820978,0.6428622428524225,0.9803211380344791,896,0.0004954718647339038,8,3,5.110956371108178e-05,COMPLETE
491,491,0.009895832894684433,2024-04-30 13:07:56.296047,2024-04-30 13:09:39.776103,0 days 00:01:43.480056,0.8858686762791322,0.9835937158055743,896,0.00011478946705740313,8,3,5.1037016713284944e-05,COMPLETE
492,492,0.009554255251808986,2024-04-30 13:08:12.037505,2024-04-30 13:10:50.828299,0 days 00:02:38.790794,0.8701184560808632,0.9685511667207763,896,0.0003483129532692881,8,3,5.1525920638114916e-05,COMPLETE
493,493,0.007983531950049715,2024-04-30 13:08:45.295018,2024-04-30 13:10:32.514749,0 days 00:01:47.219731,0.8857734911330456,0.9846653415332842,896,0.0008653239320727982,8,3,5.313279729932196e-05,COMPLETE
494,494,0.009964825887861965,2024-04-30 13:09:12.277794,2024-04-30 13:11:08.405053,0 days 00:01:56.127259,0.8851046336024999,0.9697028847401109,896,0.00021978519349872384,8,3,4.935826133024635e-05,COMPLETE
495,495,0.008245763518077471,2024-04-30 13:09:39.845772,2024-04-30 13:11:21.988614,0 days 00:01:42.142842,0.890490122893133,0.8999592594447782,896,0.0008371333537860046,8,3,4.917864656823122e-05,COMPLETE
496,496,0.008988782713084897,2024-04-30 13:10:32.675784,2024-04-30 13:12:20.024753,0 days 00:01:47.348969,0.893084107547763,0.9700422728796353,896,0.0007970192465138708,8,3,5.3844382401497655e-05,COMPLETE
497,497,0.008214030140664155,2024-04-30 13:10:50.903510,2024-04-30 13:13:30.246134,0 days 00:02:39.342624,0.8930523443491741,0.9839943940340419,896,0.000762863015293826,8,3,5.4087200368651655e-05,COMPLETE
498,498,0.007606465333177672,2024-04-30 13:11:08.472448,2024-04-30 13:13:07.130496,0 days 00:01:58.658048,0.8924584954532007,0.9842619812098682,896,0.0007971415623258624,8,3,5.268021821111971e-05,COMPLETE
499,499,0.008117423175120509,2024-04-30 13:11:22.063179,2024-04-30 13:13:04.505894,0 days 00:01:42.442715,0.89199591173946,0.9824960439469625,896,0.000760915480707812,8,3,5.368170875292597e-05,COMPLETE
500,500,0.011380439085958453,2024-04-30 13:11:38.668098,2024-04-30 13:17:16.882312,0 days 00:05:38.214214,0.8935555224980922,0.9847715799859574,1024,0.0010288767882109138,8,3,5.316469419306037e-05,COMPLETE
501,501,0.03240891621000581,2024-04-30 13:12:20.105242,2024-04-30 13:14:13.337776,0 days 00:01:53.232534,0.8941760602422651,0.6262375282848054,1024,0.0010442233806878475,8,3,5.389133957552521e-05,COMPLETE
502,502,0.016328847209128725,2024-04-30 13:13:04.667014,2024-04-30 13:14:52.812040,0 days 00:01:48.145026,0.8992623863117651,0.9892411886952335,1024,0.0011355580699568975,8,3,5.302340768823285e-05,COMPLETE
503,503,0.009802303823251358,2024-04-30 13:13:07.204697,2024-04-30 13:15:11.434174,0 days 00:02:04.229477,0.8933760981947105,0.9833992277211242,1024,0.0010286002610079557,8,3,5.53374357423913e-05,COMPLETE
504,504,0.031143219770613687,2024-04-30 13:13:30.524908,2024-04-30 13:16:11.016688,0 days 00:02:40.491780,0.8938736054740996,0.9641575447544959,1024,0.001105333676560398,8,3,5.272839721913343e-05,COMPLETE
505,505,0.04550345903222179,2024-04-30 13:14:13.403494,2024-04-30 13:16:02.330863,0 days 00:01:48.927369,0.8995116369100491,0.998975470577619,1024,0.001069504476478225,8,3,5.997671381246294e-05,COMPLETE
506,506,0.008820111885489453,2024-04-30 13:14:52.881846,2024-04-30 13:16:33.452191,0 days 00:01:40.570345,0.88352146051126,0.8266111413569165,768,0.0010325301337644522,8,3,6.0962456330823684e-05,COMPLETE
507,507,0.008340232876568904,2024-04-30 13:15:11.535458,2024-04-30 13:16:59.103605,0 days 00:01:47.568147,0.8823709045601015,0.9657697522932771,128,0.0005264710417169802,8,3,5.196397491640464e-05,COMPLETE
508,508,0.009214447059333969,2024-04-30 13:16:02.391382,2024-04-30 13:17:43.477282,0 days 00:01:41.085900,0.8827944090657961,0.8331051789699546,128,0.0005928315301707691,8,3,5.250968092353327e-05,COMPLETE
509,509,0.00855969593888431,2024-04-30 13:16:11.101086,2024-04-30 13:18:39.737749,0 days 00:02:28.636663,0.8805779289233128,0.9777392168791916,768,0.0005435509721413854,8,3,5.6930329857026986e-05,COMPLETE
510,510,0.008856506905320919,2024-04-30 13:16:33.516078,2024-04-30 13:18:14.670906,0 days 00:01:41.154828,0.8673370032146239,0.9767509484764588,896,0.0005441639821231331,8,3,5.726615375013767e-05,COMPLETE
511,511,0.030723394971195753,2024-04-30 13:16:59.177700,2024-04-30 13:18:54.584087,0 days 00:01:55.406387,0.8663495982888474,0.9762782390304211,896,0.0013338683960882204,8,3,5.6933776608142214e-05,COMPLETE
512,512,0.013032149390450545,2024-04-30 13:17:16.961058,2024-04-30 13:22:57.498064,0 days 00:05:40.537006,0.8687478905223067,0.9756410001401989,896,0.0013585525929402623,8,3,5.062675949539083e-05,COMPLETE
513,513,0.031237534388448254,2024-04-30 13:17:43.567792,2024-04-30 13:19:31.076454,0 days 00:01:47.508662,0.8669236757891157,0.9819048476716463,896,0.0013385194811731719,8,3,4.984930916386801e-05,COMPLETE
514,514,0.03221966422191172,2024-04-30 13:18:14.747489,2024-04-30 13:19:57.621713,0 days 00:01:42.874224,0.8718269009008051,0.9775257610618429,896,0.005960954700579996,8,3,5.028648897690007e-05,COMPLETE
515,515,0.010667762995266165,2024-04-30 13:18:40.039709,2024-04-30 13:21:20.607843,0 days 00:02:40.568134,0.8740359167867383,0.9634520376135174,896,0.0013064897814009022,8,3,5.0516250979837074e-05,COMPLETE
516,516,0.03839414998953477,2024-04-30 13:18:54.638518,2024-04-30 13:20:52.344142,0 days 00:01:57.705624,0.8999749977116578,0.9619310691784274,896,0.009523098938197996,8,3,5.003890219906093e-05,COMPLETE
517,517,0.023237024909651384,2024-04-30 13:19:31.171407,2024-04-30 13:21:20.955456,0 days 00:01:49.784049,0.6784529558991673,0.9621905762048814,896,0.0008201674488386943,8,3,5.107633556853497e-05,COMPLETE
518,518,0.008423263567915082,2024-04-30 13:19:43.586007,2024-04-30 13:32:56.337995,0 days 00:13:12.751988,0.8999979353089338,0.960421289575566,1024,0.0008246197807926844,8,3,5.0041228233322626e-05,COMPLETE
519,519,0.007877794872501712,2024-04-30 13:19:57.707478,2024-04-30 13:21:43.931769,0 days 00:01:46.224291,0.8874465884448309,0.961155591710217,1024,0.0008222393861342648,8,3,4.460403419513074e-05,COMPLETE
520,520,0.007922140163776679,2024-04-30 13:20:52.401652,2024-04-30 13:22:55.615995,0 days 00:02:03.214343,0.8876967785013615,0.9624379284039377,1024,0.0008275985274309133,8,3,4.4590412054725354e-05,COMPLETE
521,521,0.00784137806335053,2024-04-30 13:21:20.671127,2024-04-30 13:24:08.329465,0 days 00:02:47.658338,0.8870402423563982,0.962827557412723,1024,0.0008128707268632181,8,3,4.469343280213507e-05,COMPLETE
522,522,0.008328476311937297,2024-04-30 13:21:21.060633,2024-04-30 13:23:14.152981,0 days 00:01:53.092348,0.8872189398085797,0.9690512359874475,1024,0.0008524241056103453,8,3,4.468707400584318e-05,COMPLETE
523,523,0.009389827052107105,2024-04-30 13:21:44.021270,2024-04-30 13:23:30.978407,0 days 00:01:46.957137,0.8863487584035926,0.9544198092038367,1024,0.0003811188543665469,8,3,4.458159898866707e-05,COMPLETE
524,524,0.009506332220356444,2024-04-30 13:22:55.719601,2024-04-30 13:24:59.833592,0 days 00:02:04.113991,0.8887395198601242,0.7984986018064735,1024,0.0007227256064130593,8,3,3.7970330751839766e-05,COMPLETE
525,525,0.009519680634995689,2024-04-30 13:22:57.620269,2024-04-30 13:28:47.532380,0 days 00:05:49.912111,0.8866100797545216,0.9481528503328938,1024,0.00031645701530107965,8,3,4.260575279511805e-05,COMPLETE
526,526,0.010264728095350199,2024-04-30 13:23:14.224216,2024-04-30 13:25:08.515541,0 days 00:01:54.291325,0.8773025101550777,0.9446522234107794,1024,0.0002776029728303992,8,3,4.21093797451783e-05,COMPLETE
527,527,0.00892726234382107,2024-04-30 13:23:31.033365,2024-04-30 13:25:19.786114,0 days 00:01:48.752749,0.8772927235330275,0.9477929518562318,1024,0.0007255324569874087,8,3,4.222691992818228e-05,COMPLETE
528,528,0.031347281601908916,2024-04-30 13:24:08.387284,2024-04-30 13:26:53.244311,0 days 00:02:44.857027,0.8772618923893892,0.9512526844744675,1024,0.0038577990987615557,8,3,4.2567759657275196e-05,COMPLETE
529,529,0.06354029805629284,2024-04-30 13:24:59.948404,2024-04-30 13:27:04.848697,0 days 00:02:04.900293,0.8760988349544309,0.9467338115268842,1024,0.003845747335761443,8,3,4.208019951635808e-05,COMPLETE
530,530,0.008844330380731201,2024-04-30 13:25:08.817638,2024-04-30 13:27:02.157267,0 days 00:01:53.339629,0.8779078879725944,0.9476653224815121,1024,0.0005788177492858737,8,3,4.2204095977264674e-05,COMPLETE
531,531,0.010933488460249587,2024-04-30 13:25:19.846408,2024-04-30 13:27:08.776153,0 days 00:01:48.929745,0.8771029008002864,0.6501024397149504,1024,0.0006145757019547168,8,3,4.1674338264364755e-05,COMPLETE
532,532,0.007911870707616661,2024-04-30 13:26:53.314761,2024-04-30 13:29:41.318350,0 days 00:02:48.003589,0.8863075283657611,0.9621570268444144,1024,0.0006383160587381609,8,3,4.0072489275735655e-05,COMPLETE
533,533,0.03612332612888896,2024-04-30 13:27:02.219004,2024-04-30 13:28:57.608835,0 days 00:01:55.389831,0.887364702087363,0.9615716539347721,1024,0.002384300599922724,8,3,3.8756939984281295e-05,COMPLETE
534,534,0.008829510524804457,2024-04-30 13:27:04.946928,2024-04-30 13:29:10.642613,0 days 00:02:05.695685,0.8581384654964879,0.9633271198926802,1024,0.0006395417912133343,8,3,4.4476907853033864e-05,COMPLETE
535,535,0.018208769464550856,2024-04-30 13:27:08.859480,2024-04-30 13:28:56.817765,0 days 00:01:47.958285,0.5166808248799698,0.9618780769708248,1024,0.00033002325818425905,8,3,4.442915198344097e-05,COMPLETE
536,536,0.00908995456429142,2024-04-30 13:27:16.046708,2024-04-30 14:00:37.157662,0 days 00:33:21.110954,0.8891926247832078,0.9614282673498903,1024,0.00039582731688897097,8,3,3.961621046562467e-05,COMPLETE
537,537,0.008457016859010055,2024-04-30 13:28:47.604734,2024-04-30 13:34:41.553486,0 days 00:05:53.948752,0.8922955143990835,0.962077371608512,1024,0.0007708321441388266,8,3,4.483566226155197e-05,COMPLETE
538,538,0.007925506806186526,2024-04-30 13:28:56.889343,2024-04-30 13:30:43.879780,0 days 00:01:46.990437,0.8915327950338183,0.9638148642903112,1024,0.0007711055156468858,8,3,4.6419936815547754e-05,COMPLETE
539,539,0.008914554634764468,2024-04-30 13:28:57.673825,2024-04-30 13:30:51.442563,0 days 00:01:53.768738,0.8568980630750879,0.9693648385526064,1024,0.0006769135495206728,8,3,4.6571286518682686e-05,COMPLETE
540,540,0.00793547026038944,2024-04-30 13:29:10.720570,2024-04-30 13:31:15.376584,0 days 00:02:04.656014,0.8924782898076804,0.9698562571997277,1024,0.0008019481297049794,8,3,4.631582471195488e-05,COMPLETE
541,541,0.0068912977308389686,2024-04-30 13:29:41.601777,2024-04-30 13:32:31.945424,0 days 00:02:50.343647,0.8898476208219467,0.9691513733521175,1024,0.000903819617610186,8,3,3.995115813679921e-05,COMPLETE
542,542,0.008780628182719668,2024-04-30 13:30:43.974288,2024-04-30 13:32:31.624743,0 days 00:01:47.650455,0.8916943833547641,0.9687155386661138,1024,0.00046231868109924783,8,3,3.567987571268803e-05,COMPLETE
543,543,0.00818614884444968,2024-04-30 13:30:51.510075,2024-04-30 13:32:44.600880,0 days 00:01:53.090805,0.8933178252687576,0.9698201463518179,1024,0.0004341552493388688,8,3,3.847104501429978e-05,COMPLETE
544,544,0.010141126861900607,2024-04-30 13:31:15.500706,2024-04-30 13:33:21.753874,0 days 00:02:06.253168,0.8896620382784253,0.9612061175330197,1024,0.00011951874529259607,8,3,4.0509085891710913e-05,COMPLETE
545,545,0.00788579470361079,2024-04-30 13:32:31.742865,2024-04-30 13:34:18.984971,0 days 00:01:47.242106,0.8928821697113097,0.9586093175868735,1024,0.0008273506727979331,8,3,3.926169822259033e-05,COMPLETE
546,546,0.010495680017453251,2024-04-30 13:32:32.003955,2024-04-30 13:35:20.516459,0 days 00:02:48.512504,0.8930867882053396,0.9700746314127499,1024,0.0001023130315606878,8,3,3.797261579018762e-05,COMPLETE
547,547,0.007926610788306246,2024-04-30 13:32:44.660443,2024-04-30 13:34:37.672522,0 days 00:01:53.012079,0.8922487797245293,0.9578411963433245,1024,0.0009086960141498563,8,3,3.9740481712314435e-05,COMPLETE
548,548,0.009993594665951157,2024-04-30 13:32:56.622210,2024-04-30 13:46:29.591261,0 days 00:13:32.969051,0.8922907892151273,0.9744773147166079,1024,0.00012460903368473266,8,3,3.883967352138347e-05,COMPLETE
549,549,0.030966260389815935,2024-04-30 13:33:21.868740,2024-04-30 13:35:25.025242,0 days 00:02:03.156502,0.8921710016087809,0.9744289605323393,1024,0.0011815698763868823,8,3,3.9129145662690105e-05,COMPLETE
550,550,0.008659836370497942,2024-04-30 13:34:19.048948,2024-04-30 13:36:06.808512,0 days 00:01:47.759564,0.8923717063225592,0.9521758850207903,1024,0.000529841847622887,8,3,3.7818075988882446e-05,COMPLETE
551,551,0.008797438418113696,2024-04-30 13:34:37.741751,2024-04-30 13:36:31.798952,0 days 00:01:54.057201,0.8905269140433152,0.9530431338149131,1024,0.0005722429662711232,4,3,3.9525721474908034e-05,COMPLETE
552,552,0.00884176136974197,2024-04-30 13:34:41.887571,2024-04-30 13:40:22.024088,0 days 00:05:40.136517,0.8930441106872588,0.9536221548719513,1024,0.0005072878590962121,4,3,3.926598024507777e-05,COMPLETE
