,number,value,datetime_start,datetime_complete,duration,params_beta1,params_beta2,params_hidden_dim,params_learning_rate,params_num_heads,params_num_layers,params_weight_decay,state
765,765,0.009368233739507275,2024-04-30 15:07:49.610952,2024-04-30 15:09:34.999282,0 days 00:01:45.388330,0.8716869166390352,0.9827263252588931,896,0.001396019388185754,8,3,4.647843762527959e-05,COMPLETE
766,766,0.009050401131263671,2024-04-30 15:08:04.295768,2024-04-30 15:10:05.317251,0 days 00:02:01.021483,0.8737305747587694,0.9809641264269322,896,0.001416167714174478,8,3,4.646688584153297e-05,COMPLETE
767,767,0.03130022759722683,2024-04-30 15:08:14.539279,2024-04-30 15:10:07.366746,0 days 00:01:52.827467,0.8999038250600195,0.9726926157950531,1024,0.0014406885057906774,8,3,4.078862926898318e-05,COMPLETE
768,768,0.03200961831650693,2024-04-30 15:08:37.597371,2024-04-30 15:11:19.923997,0 days 00:02:42.326626,0.8727604863694733,0.9803707042059453,1024,0.0013752948792601536,8,3,4.1744800984626044e-05,COMPLETE
769,769,0.03127516222738729,2024-04-30 15:09:31.489887,2024-04-30 15:42:56.008055,0 days 00:33:24.518168,0.8726829742639935,0.9798098998620467,896,0.0015135452693036866,8,3,4.146200668782735e-05,COMPLETE
770,770,0.04065850090832163,2024-04-30 15:09:35.107192,2024-04-30 15:11:21.460634,0 days 00:01:46.353442,0.8996299399871218,0.9758460054580402,1024,0.005024578528187695,8,3,2.116586139155205e-05,COMPLETE
771,771,0.008658065642048787,2024-04-30 15:10:05.375056,2024-04-30 15:12:18.237078,0 days 00:02:12.862022,0.8590517563028214,0.9590677807277161,1024,0.0006240604443779242,8,3,2.1995551069962586e-05,COMPLETE
772,772,0.03252273005759948,2024-04-30 15:10:07.674611,2024-04-30 15:12:17.795584,0 days 00:02:10.120973,0.8933634367509815,0.9581240735379288,1024,0.004952607002802736,8,4,5.355980645258018e-05,COMPLETE
773,773,0.008251328619995288,2024-04-30 15:11:20.037849,2024-04-30 15:14:35.884554,0 days 00:03:15.846705,0.8580575557385113,0.9583762863495275,1024,0.0006107745539986756,8,4,5.290454982406755e-05,COMPLETE
774,774,0.00987482937738235,2024-04-30 15:11:21.514107,2024-04-30 15:13:21.189047,0 days 00:01:59.674940,0.8592667171582516,0.8936563499521077,896,0.0005742734441595923,8,4,2.1879478274929418e-05,COMPLETE
775,775,0.01186882146106009,2024-04-30 15:11:37.367503,2024-04-30 15:18:19.770229,0 days 00:06:42.402726,0.7256862328010292,0.9609274701220005,896,0.0005753199157067449,4,4,2.2503929211347272e-05,COMPLETE
776,776,0.010839825820629343,2024-04-30 15:12:17.856857,2024-04-30 15:14:10.654828,0 days 00:01:52.797971,0.8582281595830749,0.6486209830224208,896,0.0005840139149935301,4,3,4.328508911558197e-05,COMPLETE
777,777,0.04194100613975938,2024-04-30 15:12:18.352576,2024-04-30 15:14:15.511692,0 days 00:01:57.159116,0.8798072427768605,0.9479041417324956,896,0.008859133640295978,4,3,4.328180242077548e-05,COMPLETE
778,778,0.03127027124779307,2024-04-30 15:13:21.249251,2024-04-30 15:15:04.139478,0 days 00:01:42.890227,0.8792588671010764,0.989120425867777,896,0.0011943824613136,4,3,4.296061539303601e-05,COMPLETE
779,779,0.00827043428331678,2024-04-30 15:14:10.751473,2024-04-30 15:16:00.934704,0 days 00:01:50.183231,0.8922066856069,0.9644084159241991,896,0.0011697173303101749,8,3,5.215503971454289e-05,COMPLETE
780,780,0.047355331851419435,2024-04-30 15:14:15.610967,2024-04-30 15:16:15.631708,0 days 00:02:00.020741,0.8940420892101236,0.9882631571138124,1024,0.0011666794735639297,8,3,5.234148323230596e-05,COMPLETE
781,781,0.011641021247437119,2024-04-30 15:14:35.950638,2024-04-30 15:17:17.241090,0 days 00:02:41.290452,0.893047914522983,0.7635115024066039,1024,0.0011289007874330595,8,3,4.810156953913385e-05,COMPLETE
782,782,0.007935815516988307,2024-04-30 15:15:04.403168,2024-04-30 15:16:50.538524,0 days 00:01:46.135356,0.8919749004564854,0.9679251677635237,1024,0.0008721845459376807,8,3,4.859354351839853e-05,COMPLETE
783,783,0.008705317107275193,2024-04-30 15:16:01.003677,2024-04-30 15:17:53.267258,0 days 00:01:52.263581,0.8930523625614575,0.8757146099089058,1024,0.0008806573583266522,8,3,4.844697549842392e-05,COMPLETE
784,784,0.009420343656576687,2024-04-30 15:16:15.728531,2024-04-30 15:18:16.285842,0 days 00:02:00.557311,0.832173082242263,0.9670999666444968,1024,0.000895354418965804,8,3,4.8154505640281e-05,COMPLETE
785,785,0.033010457839929695,2024-04-30 15:16:50.595393,2024-04-30 15:18:35.500769,0 days 00:01:44.905376,0.8818740933802242,0.9483134798001677,1024,0.005304823185913317,8,3,4.720294008237766e-05,COMPLETE
786,786,0.008749088633289456,2024-04-30 15:17:17.619074,2024-04-30 15:19:47.266605,0 days 00:02:29.647531,0.8811909844088134,0.9885711508723374,640,0.0008395548322002427,8,3,1.5106091239060375e-05,COMPLETE
787,787,0.03222109949079169,2024-04-30 15:17:53.353956,2024-04-30 15:19:38.589786,0 days 00:01:45.235830,0.7245765925717778,0.9475040783908668,896,0.0007505281179234601,8,3,2.6103594979237703e-06,COMPLETE
788,788,0.008969545491378416,2024-04-30 15:18:16.369548,2024-04-30 15:20:06.755498,0 days 00:01:50.385950,0.8830333374758612,0.9488552858824201,256,0.0007156553292596384,8,3,5.59194055476464e-05,COMPLETE
789,789,0.011080351789195687,2024-04-30 15:18:19.845956,2024-04-30 15:23:16.635861,0 days 00:04:56.789905,0.7464902543629572,0.9492955564086267,640,0.0007473635573761252,8,3,4.524053530200963e-05,COMPLETE
790,790,0.008694797242261888,2024-04-30 15:18:35.563510,2024-04-30 15:20:13.168127,0 days 00:01:37.604617,0.8684823353435014,0.9892359028838285,640,0.000712291906350485,8,3,5.555481841456907e-05,COMPLETE
791,791,0.00884374501425531,2024-04-30 15:18:46.047524,2024-04-30 15:28:56.897895,0 days 00:10:10.850371,0.8665144948884679,0.9892891460326558,256,0.00044333203979481203,8,3,1.5460457032173098e-05,COMPLETE
792,792,0.014002136422474405,2024-04-30 15:19:38.649925,2024-04-30 15:21:25.123139,0 days 00:01:46.473214,0.8082899644728978,0.9886286194584223,640,0.000452422475148037,8,3,1.5351597026981363e-05,COMPLETE
793,793,0.008498935619554608,2024-04-30 15:19:47.547583,2024-04-30 15:22:22.170533,0 days 00:02:34.622950,0.8724903688258582,0.975379712782858,1024,0.00042441140295171835,8,3,5.605551584584061e-05,COMPLETE
794,794,0.008876496210323397,2024-04-30 15:20:06.828227,2024-04-30 15:22:06.517150,0 days 00:01:59.688923,0.8679066273498152,0.9766091620900932,1024,0.00043203963997438366,8,3,4.092082901804429e-05,COMPLETE
795,795,0.009292407969246696,2024-04-30 15:20:13.257926,2024-04-30 15:21:58.154395,0 days 00:01:44.896469,0.8994417199211053,0.9778890948408114,1024,0.0003697858961916823,8,3,5.090063284420766e-05,COMPLETE
796,796,0.011052330089047616,2024-04-30 15:21:25.232211,2024-04-30 15:23:20.588000,0 days 00:01:55.355789,0.8758094728510812,0.9749299416374637,1024,0.0010347865315085017,8,3,5.0404299073606396e-05,COMPLETE
797,797,0.10468808022928444,2024-04-30 15:21:58.242387,2024-04-30 15:23:51.002493,0 days 00:01:52.760106,0.8757265495253578,0.778468925839664,1024,0.0022005634279500413,8,3,3.986740601533025e-05,COMPLETE
798,798,0.008382832341186412,2024-04-30 15:22:06.577143,2024-04-30 15:24:01.688305,0 days 00:01:55.111162,0.8766901208114157,0.9708518241345689,768,0.0010559492974846932,8,2,4.5103343255449026e-05,COMPLETE
799,799,0.007926807472748416,2024-04-30 15:22:22.254036,2024-04-30 15:24:20.934919,0 days 00:01:58.680883,0.8922743010010649,0.964935553907273,768,0.0010289144654931645,8,2,4.5129902389715e-05,COMPLETE
800,800,0.00815909570969996,2024-04-30 15:23:16.895917,2024-04-30 15:26:45.797634,0 days 00:03:28.901717,0.8997395722723347,0.9671967442079392,768,0.000994047609567932,8,2,4.40105596105136e-05,COMPLETE
801,801,0.0635463854306059,2024-04-30 15:23:20.662277,2024-04-30 15:25:07.356521,0 days 00:01:46.694244,0.8998398514763998,0.7768561207491229,768,0.0019627960486498985,8,2,4.414448165135477e-05,COMPLETE
802,802,0.007384813054025302,2024-04-30 15:23:51.129005,2024-04-30 15:25:35.829557,0 days 00:01:44.700552,0.8927965549466123,0.9636926296528338,768,0.0010661202992318956,8,3,4.4254620718425214e-05,COMPLETE
803,803,0.008917994821419964,2024-04-30 15:24:01.792852,2024-04-30 15:26:00.404164,0 days 00:01:58.611312,0.8927297078931505,0.9618914265650681,896,0.0012301594461974906,8,3,4.4711004613960275e-05,COMPLETE
804,804,0.03073044435737969,2024-04-30 15:24:21.223304,2024-04-30 15:26:53.409345,0 days 00:02:32.186041,0.8881772415159145,0.9613707296289555,896,0.0012257871889905243,8,3,3.168758051652588e-05,COMPLETE
805,805,0.00957762963416708,2024-04-30 15:25:07.468011,2024-04-30 15:26:57.128153,0 days 00:01:49.660142,0.8866340992933279,0.9590696411239371,896,0.0015595718794448395,8,3,5.038908308212856e-05,COMPLETE
806,806,0.00993013306565228,2024-04-30 15:25:35.900458,2024-04-30 15:27:17.434119,0 days 00:01:41.533661,0.8855519399096959,0.8614511809521923,768,0.001572554021315353,8,3,4.19114971626486e-05,COMPLETE
807,807,0.03217454231243371,2024-04-30 15:26:00.470585,2024-04-30 15:27:56.984462,0 days 00:01:56.513877,0.885895655495554,0.9825271788860888,896,0.0016621595450414988,8,3,4.2056216556186956e-05,COMPLETE
808,808,0.009646535758332256,2024-04-30 15:26:45.918600,2024-04-30 15:31:49.289845,0 days 00:05:03.371245,0.8859120272564536,0.9831039210169231,768,0.0015049142927288789,8,3,4.269963541700021e-05,COMPLETE
809,809,0.05145322154094646,2024-04-30 15:26:53.471900,2024-04-30 15:29:26.895587,0 days 00:02:33.423687,0.8844502913892901,0.998684814356223,768,0.0015476768639389523,8,3,4.160710088987329e-05,COMPLETE
810,810,0.009320491727328661,2024-04-30 15:26:57.205334,2024-04-30 15:28:40.261176,0 days 00:01:43.055842,0.883575704573934,0.981850077938957,768,0.0013652019098868411,8,3,4.17772961575439e-05,COMPLETE
811,811,0.007655069328747786,2024-04-30 15:27:17.511542,2024-04-30 15:28:56.121676,0 days 00:01:38.610134,0.8816486845225027,0.983939366988773,768,0.0012953807526014062,8,3,3.958603384379377e-05,COMPLETE
812,812,0.00806763545444711,2024-04-30 15:27:57.094715,2024-04-30 15:29:46.247299,0 days 00:01:49.152584,0.8805494063426836,0.9904348625121013,256,0.0013234880361697658,8,3,4.0462426265290846e-05,COMPLETE
813,813,0.008867582433264364,2024-04-30 15:28:40.336381,2024-04-30 15:30:24.043081,0 days 00:01:43.706700,0.892631957259554,0.9913041869926088,768,0.0006309218709210601,8,3,3.981929954892886e-05,COMPLETE
814,814,0.04307559450273906,2024-04-30 15:28:56.243220,2024-04-30 15:30:35.803193,0 days 00:01:39.559973,0.8999532266097143,0.9924008160908263,768,0.0013178386622843337,8,3,3.885308201450256e-05,COMPLETE
815,815,0.052299626510251655,2024-04-30 15:28:56.962850,2024-04-30 15:42:31.823706,0 days 00:13:34.860856,0.8783993716645615,0.9984687775752326,768,0.0011450868899616252,8,3,3.9195176603019365e-05,COMPLETE
816,816,0.012002504448853916,2024-04-30 15:29:26.966955,2024-04-30 15:31:49.946322,0 days 00:02:22.979367,0.8999509301312417,0.9930528042370209,768,0.0013040338470855827,8,3,3.709802656277912e-05,COMPLETE
817,817,0.012021066574581386,2024-04-30 15:29:46.325301,2024-04-30 15:31:40.736902,0 days 00:01:54.411601,0.8997942154638559,0.9826424015213503,768,0.0012381775954207154,8,3,3.820324071944889e-05,COMPLETE
818,818,0.035115625406917816,2024-04-30 15:30:24.345044,2024-04-30 15:32:18.340392,0 days 00:01:53.995348,0.8764619630960365,0.9812690993555416,768,0.006474906025694151,8,3,3.7502664974743334e-05,COMPLETE
819,819,0.03048415496558338,2024-04-30 15:30:35.911466,2024-04-30 15:32:30.496806,0 days 00:01:54.585340,0.8777028309367052,0.9791080159789658,768,0.001196592676192395,8,4,3.928803369641585e-05,COMPLETE
820,820,0.010200302791882516,2024-04-30 15:31:40.812847,2024-04-30 15:33:40.426323,0 days 00:01:59.613476,0.8782803362805179,0.9757444213418492,768,0.0011399921935345068,8,3,3.838737136105276e-05,COMPLETE
821,821,0.008373036273065713,2024-04-30 15:31:49.357039,2024-04-30 15:38:10.633968,0 days 00:06:21.276929,0.8791824680385804,0.9748518655367162,768,0.0010742623015359085,8,4,4.078412898701925e-05,COMPLETE
822,822,0.008206012140701472,2024-04-30 15:31:50.029795,2024-04-30 15:34:47.979472,0 days 00:02:57.949677,0.8763889286997509,0.972689511851719,768,0.0011168973965136873,8,4,3.6509030795316417e-05,COMPLETE
823,823,0.015118269235685919,2024-04-30 15:32:18.455477,2024-04-30 15:34:17.438880,0 days 00:01:58.983403,0.666941114243158,0.974473686481203,768,0.0009924601949500866,8,4,3.957807347178162e-05,COMPLETE
824,824,0.00843441661535984,2024-04-30 15:32:30.588617,2024-04-30 15:34:06.004529,0 days 00:01:35.415912,0.8687466485473264,0.970876882399377,768,0.0010434992200057266,8,3,3.976937372393821e-05,COMPLETE
825,825,0.009385831283155458,2024-04-30 15:33:40.755835,2024-04-30 15:35:34.553634,0 days 00:01:53.797799,0.8673400973237944,0.9717794689455487,768,0.000969701057895596,4,3,5.3382352580553246e-05,COMPLETE
826,826,0.008353294512394058,2024-04-30 15:34:06.068043,2024-04-30 15:35:43.434196,0 days 00:01:37.366153,0.8921218898512723,0.9706043751413002,768,0.0009255194549246306,4,3,5.358033594720588e-05,COMPLETE
827,827,0.007675460779644323,2024-04-30 15:34:17.515942,2024-04-30 15:36:00.269808,0 days 00:01:42.753866,0.8918240268303264,0.9698312612913612,768,0.0008954097369826433,4,3,5.324105396779276e-05,COMPLETE
828,828,0.007884578464867233,2024-04-30 15:34:48.037527,2024-04-30 15:37:16.034770,0 days 00:02:27.997243,0.8920576931256866,0.9681625981327272,768,0.000881659228794839,4,3,5.326365721279965e-05,COMPLETE
829,829,0.023751060764639925,2024-04-30 15:35:34.630226,2024-04-30 15:37:27.369523,0 days 00:01:52.739297,0.891553484090038,0.9979690592330619,768,0.0008638911207559773,8,3,4.2996685571063555e-05,COMPLETE
830,830,0.018201033691613577,2024-04-30 15:35:43.501194,2024-04-30 15:37:20.807108,0 days 00:01:37.305914,0.8896074221589769,0.9851109507024836,768,0.0018156993933895855,8,3,4.666162529927262e-05,COMPLETE
831,831,0.009847039737823334,2024-04-30 15:36:00.346190,2024-04-30 15:37:43.075821,0 days 00:01:42.729631,0.892603649800511,0.9574750900250254,768,0.0017592521979684478,16,3,5.864568004279144e-05,COMPLETE
832,832,0.007466708027729483,2024-04-30 15:37:16.341729,2024-04-30 15:39:46.761768,0 days 00:02:30.420039,0.8928910720823908,0.957825358944039,768,0.0011253804820694812,4,3,3.4625550323802846e-05,COMPLETE
833,833,0.007798137528281578,2024-04-30 15:37:20.885924,2024-04-30 15:39:00.036202,0 days 00:01:39.150278,0.8932999212228329,0.9575557084450346,768,0.0011636827752421661,4,3,3.321653318909545e-05,COMPLETE
834,834,0.008915596125542602,2024-04-30 15:37:27.472958,2024-04-30 15:39:19.555745,0 days 00:01:52.082787,0.8935407017613279,0.7354872429629524,768,0.0011292626204769387,4,3,5.536638385944223e-05,COMPLETE
835,835,0.009936217061401187,2024-04-30 15:37:43.141859,2024-04-30 15:39:27.516539,0 days 00:01:44.374680,0.8997440973890335,0.9560874795365543,768,0.0011246966066414165,4,3,7.429044098555834e-06,COMPLETE
836,836,0.011181077653808253,2024-04-30 15:38:10.928625,2024-04-30 15:43:27.527989,0 days 00:05:16.599364,0.8933281313645082,0.9645136187851165,768,0.0013409602924046042,4,3,3.478558372859538e-05,COMPLETE
837,837,0.01170769546309978,2024-04-30 15:39:00.105761,2024-04-30 15:40:39.008006,0 days 00:01:38.902245,0.8866980498092912,0.6990042242000879,768,0.0013675010263526988,4,3,5.671659121723392e-05,COMPLETE
838,838,0.007934008059757096,2024-04-30 15:39:19.618916,2024-04-30 15:41:11.563003,0 days 00:01:51.944087,0.8853018015621216,0.9578396656879968,768,0.0006337141963247904,4,3,3.538127003609796e-05,COMPLETE
839,839,0.03290064837702941,2024-04-30 15:39:27.619457,2024-04-30 15:41:10.593199,0 days 00:01:42.973742,0.8854420688243893,0.9637798201209272,768,0.007979544276206618,4,3,4.6137285989757716e-05,COMPLETE
840,840,0.008255263848947885,2024-04-30 15:39:46.830495,2024-04-30 15:42:18.764944,0 days 00:02:31.934449,0.8868080974723876,0.9397638301667218,768,0.001324511183025657,4,3,3.4814674642106186e-05,COMPLETE
841,841,0.009003039782068558,2024-04-30 15:40:39.064331,2024-04-30 15:42:17.462306,0 days 00:01:38.397975,0.884968371862866,0.951786966167013,768,0.0014187920885351893,4,3,3.516216844139181e-05,COMPLETE
842,842,0.00986931330294578,2024-04-30 15:41:10.697348,2024-04-30 15:42:55.622612,0 days 00:01:44.925264,0.8937763467237853,0.9419194607774475,768,0.0014666527002991923,4,3,3.6609594610023255e-05,COMPLETE
843,843,0.010293171432643355,2024-04-30 15:41:11.827482,2024-04-30 15:43:05.453855,0 days 00:01:53.626373,0.8943665477232993,0.9413816376820795,768,0.00146349667650671,4,3,3.219280591305898e-05,COMPLETE
844,844,0.01177854516474909,2024-04-30 15:42:17.527941,2024-04-30 15:43:57.527899,0 days 00:01:39.999958,0.7872370109114153,0.9359982516798842,768,0.001339291010724396,4,3,5.114202803089192e-05,COMPLETE
845,845,0.008373869193951677,2024-04-30 15:42:18.883260,2024-04-30 15:44:50.983455,0 days 00:02:32.100195,0.8933901963442288,0.941676080378412,768,0.001294320154366783,4,3,2.9860215076722252e-05,COMPLETE
846,846,0.008957273822713208,2024-04-30 15:42:31.880515,2024-04-30 15:56:55.988558,0 days 00:14:24.108043,0.8941564058360647,0.9426610964321079,768,0.0014606221845963375,4,3,2.9725096923558705e-05,COMPLETE
847,847,0.008712773031889748,2024-04-30 15:42:55.688210,2024-04-30 15:44:40.679343,0 days 00:01:44.991133,0.8944972956373461,0.9506080501471966,768,0.0012998294298048928,4,3,3.0854145156355726e-05,COMPLETE
848,848,0.007998824016759535,2024-04-30 15:42:56.066843,2024-04-30 16:20:33.625291,0 days 00:37:37.558448,0.8927085185499903,0.952255295528124,768,0.0009238389256489224,4,3,5.170166382163725e-05,COMPLETE
849,849,0.032825735897567626,2024-04-30 15:43:05.541210,2024-04-30 15:44:58.877403,0 days 00:01:53.336193,0.8923580422171636,0.5006014937009752,768,0.006842995601123636,4,3,5.163991832939392e-05,COMPLETE
850,850,0.008232012586627816,2024-04-30 15:43:27.606552,2024-04-30 15:48:35.832727,0 days 00:05:08.226175,0.8987194902886282,0.9493651272737169,768,0.000911179772670916,4,3,5.1536931371787497e-05,COMPLETE
851,851,0.008598112472982117,2024-04-30 15:43:57.634328,2024-04-30 15:45:35.495333,0 days 00:01:37.861005,0.8997672368465858,0.951103226079504,768,0.0009379076920114037,4,3,4.875935694823388e-05,COMPLETE
852,852,0.008153562494493151,2024-04-30 15:44:40.759490,2024-04-30 15:46:20.310822,0 days 00:01:39.551332,0.8829995263222126,0.960506862343229,128,0.000944422795393725,4,3,3.267955918764893e-05,COMPLETE
853,853,0.008785031064619104,2024-04-30 15:44:51.038349,2024-04-30 15:47:19.040093,0 days 00:02:28.001744,0.8823811713962882,0.9634659851117969,768,0.0009095689765098416,4,3,2.884461718424711e-05,COMPLETE
854,854,0.010930598070401521,2024-04-30 15:44:59.166254,2024-04-30 15:46:44.248736,0 days 00:01:45.082482,0.8421232527035136,0.965640688087465,128,0.003345736618632352,4,3,3.250573557511018e-05,COMPLETE
855,855,0.008034709853108054,2024-04-30 15:45:35.559281,2024-04-30 15:47:16.741653,0 days 00:01:41.182372,0.8820960209639914,0.9633956308944857,896,0.000873091233200095,4,3,4.935105342185076e-05,COMPLETE
856,856,0.009020159119796572,2024-04-30 15:45:40.347799,2024-04-30 17:21:20.976938,0 days 01:35:40.629139,0.8997097264959868,0.9647976878615695,128,0.000914195374985658,4,3,3.2210169204812527e-05,COMPLETE
857,857,0.008095330353100578,2024-04-30 15:46:20.393302,2024-04-30 15:48:13.945085,0 days 00:01:53.551783,0.8996897556256107,0.9672284677618657,896,0.0007766613384720354,4,3,4.893308765836544e-05,COMPLETE
858,858,0.00882043099450149,2024-04-30 15:46:44.314123,2024-04-30 15:48:45.929443,0 days 00:02:01.615320,0.8807247208527463,0.9682089392138786,896,0.0007988600429972296,4,3,4.742291304383272e-05,COMPLETE
859,859,0.007357847800244501,2024-04-30 15:47:16.831832,2024-04-30 15:49:15.692314,0 days 00:01:58.860482,0.8857028771019989,0.9711371503220307,896,0.0007907449447450063,4,4,4.750954181913065e-05,COMPLETE
860,860,0.011593120940658567,2024-04-30 15:47:19.108229,2024-04-30 15:50:43.871963,0 days 00:03:24.763734,0.8866978267173095,0.5233970599681935,896,0.0007577828744674117,4,4,5.7811555609348385e-05,COMPLETE
861,861,0.009016255372369187,2024-04-30 15:48:14.056193,2024-04-30 15:50:15.646922,0 days 00:02:01.590729,0.8864251623554327,0.9547860557381548,896,0.0011002113491769406,4,4,4.716817139631486e-05,COMPLETE
862,862,0.010150071150861133,2024-04-30 15:48:35.987878,2024-04-30 15:56:02.990607,0 days 00:07:27.002729,0.888093319402038,0.972659735350497,896,0.001079750593455699,4,4,8.937689317750794e-05,COMPLETE
863,863,0.008434889739322843,2024-04-30 15:48:46.040604,2024-04-30 15:50:58.960861,0 days 00:02:12.920257,0.8888381265071137,0.9751729012363066,896,0.0010932781046897632,4,4,5.4771747390598034e-05,COMPLETE
864,864,0.00947815536428646,2024-04-30 15:49:15.973105,2024-04-30 15:51:11.365549,0 days 00:01:55.392444,0.8704385982782668,0.953958876845905,896,0.0011171883414224145,4,4,5.434951030023175e-05,COMPLETE
865,865,0.008007367810806928,2024-04-30 15:50:15.713383,2024-04-30 15:52:10.040870,0 days 00:01:54.327487,0.8658802827875122,0.976064653695527,896,0.0006028129986638967,4,3,5.771320316630541e-05,COMPLETE
866,866,0.008891466234959823,2024-04-30 15:50:43.931665,2024-04-30 15:54:13.493272,0 days 00:03:29.561607,0.8709970919627373,0.9758360228056906,896,0.0006015421592059216,4,4,5.455004133915146e-05,COMPLETE
867,867,0.032215107490360995,2024-04-30 15:50:59.090988,2024-04-30 15:53:09.820203,0 days 00:02:10.729215,0.8670554362523647,0.9562067061688027,768,0.0029062401964892216,4,4,4.9779521922068876e-05,COMPLETE
868,868,0.009476763452302455,2024-04-30 15:51:11.456830,2024-04-30 15:53:03.114597,0 days 00:01:51.657767,0.8751317228819717,0.9312323519742712,768,0.0006128991595542733,4,4,4.9486749132552974e-05,COMPLETE
869,869,0.009490457577106757,2024-04-30 15:52:10.099493,2024-04-30 15:54:08.014848,0 days 00:01:57.915355,0.8727691206458613,0.9247093880844175,768,0.0005580043990549722,4,4,2.699961025725736e-05,COMPLETE
870,870,0.008177901098093429,2024-04-30 15:53:03.188889,2024-04-30 15:54:54.226383,0 days 00:01:51.037494,0.8999290172715789,0.9714737018450305,768,0.0009719125125309137,4,4,5.257986454172614e-05,COMPLETE
