,number,value,datetime_start,datetime_complete,duration,params_beta1,params_beta2,params_hidden_dim,params_kernel_size,params_learning_rate,params_num_layers,params_weight_decay,state
0,0,,2024-04-26 13:19:31.804378,2024-04-26 13:19:35.164864,0 days 00:00:03.360486,0.6541222482285897,0.9025944766392049,85,5,0.0030670220703931826,2,7.582785496432391e-05,FAIL
1,1,,2024-04-26 13:19:31.826779,2024-04-26 13:19:35.042030,0 days 00:00:03.215251,0.8818082465785688,0.8948500351859638,122,3,0.003832081907387932,2,2.0925442076337997e-05,FAIL
2,2,,2024-04-26 13:19:31.852113,2024-04-26 13:19:34.968707,0 days 00:00:03.116594,0.6484958391998039,0.9612357728191849,105,3,0.0030987896031296025,2,5.000424653959835e-05,FAIL
3,3,,2024-04-26 13:19:31.866385,2024-04-26 13:19:35.007368,0 days 00:00:03.140983,0.737531734027846,0.523238451885471,112,7,0.009935254119639624,1,5.2693192583602086e-05,FAIL
4,4,,2024-04-26 13:19:31.878952,2024-04-26 13:19:35.120204,0 days 00:00:03.241252,0.6622354401585016,0.5542008869034915,33,7,0.0019241425821799867,3,2.031414240638686e-05,FAIL
5,5,,2024-04-26 13:19:31.902973,2024-04-26 13:19:35.200108,0 days 00:00:03.297135,0.5582207052007836,0.6334661916048862,67,5,0.005812849775380921,3,8.06152166400958e-05,FAIL
6,6,,2024-04-26 13:19:31.915302,2024-04-26 13:19:35.057604,0 days 00:00:03.142302,0.5549447273027132,0.7997024215143046,70,3,0.00010320625457942936,2,4.362682055713163e-05,FAIL
7,7,,2024-04-26 13:19:31.929239,2024-04-26 13:19:35.047300,0 days 00:00:03.118061,0.8380125320881009,0.882046905147224,87,7,0.002328061293482401,1,4.6556786003750875e-05,FAIL
8,8,,2024-04-26 13:19:31.938932,2024-04-26 13:19:35.216062,0 days 00:00:03.277130,0.6311422015622179,0.9006206544406158,88,5,0.0013410372101251675,3,9.536532861872259e-05,FAIL
9,9,,2024-04-26 13:19:31.950788,2024-04-26 13:19:35.090056,0 days 00:00:03.139268,0.5479753260928117,0.5335781869303945,106,7,0.00897755985711972,2,3.695832591609737e-05,FAIL
10,10,,2024-04-26 13:19:31.962600,2024-04-26 13:19:35.100621,0 days 00:00:03.138021,0.7726983239842038,0.6750294157255428,125,7,0.0020925952087603086,3,2.5923004215242334e-05,FAIL
11,11,,2024-04-26 13:19:31.984605,2024-04-26 13:19:35.229088,0 days 00:00:03.244483,0.5794088482065967,0.8676653886379121,64,7,0.0035941790897145763,3,5.640173726016544e-05,FAIL
12,12,,2024-04-26 13:19:32.051385,2024-04-26 13:19:35.182747,0 days 00:00:03.131362,0.6485231792637096,0.9118245711385766,32,7,0.006544694186621871,3,5.2258623706996135e-06,FAIL
13,13,,2024-04-26 13:19:32.166064,2024-04-26 13:19:35.226171,0 days 00:00:03.060107,0.8125861608377338,0.7814385387200422,69,3,0.0012083016190672928,3,5.274681795266123e-05,FAIL
14,14,,2024-04-26 13:19:32.265750,2024-04-26 13:19:35.148845,0 days 00:00:02.883095,0.8291891497440271,0.5547282850415088,51,3,0.005839332080206392,2,1.9003724594148633e-05,FAIL
15,15,,2024-04-26 13:19:32.701675,2024-04-26 13:19:35.030525,0 days 00:00:02.328850,0.5624406512180347,0.8098100891963596,97,7,0.0002537169584352651,1,6.635401324921739e-05,FAIL
16,16,,2024-04-26 13:23:28.349358,2024-04-26 13:23:31.859124,0 days 00:00:03.509766,0.8958387753659549,0.5780385998310997,90,3,0.0030819666194033357,3,1.547159107865408e-05,FAIL
17,17,,2024-04-26 13:23:28.371000,2024-04-26 13:23:31.733810,0 days 00:00:03.362810,0.7980283200378661,0.6924957315539514,125,7,0.006611901756248104,3,8.613615491251724e-05,FAIL
18,18,,2024-04-26 13:23:28.356296,2024-04-26 13:23:31.823907,0 days 00:00:03.467611,0.6516441242395552,0.5768272352655108,64,3,0.007167688072525089,2,2.2287230797629792e-05,FAIL
19,19,,2024-04-26 13:23:28.403949,2024-04-26 13:23:31.880766,0 days 00:00:03.476817,0.5878728384771887,0.77515641696168,36,3,0.004113945373912998,1,4.6810659851846266e-05,FAIL
20,20,,2024-04-26 13:23:28.412881,2024-04-26 13:23:31.809879,0 days 00:00:03.396998,0.7434347226865383,0.9420169294757574,112,7,0.0041871378635366385,3,3.8748900175612154e-05,FAIL
21,21,,2024-04-26 13:23:28.426011,2024-04-26 13:23:31.838717,0 days 00:00:03.412706,0.8551039413369499,0.7496012287427528,56,5,0.004391636813273661,1,9.688442175584753e-05,FAIL
22,22,,2024-04-26 13:23:28.436937,2024-04-26 13:23:31.911207,0 days 00:00:03.474270,0.7137797610133985,0.9281756744213778,116,7,0.003451909139658826,1,7.797269740965217e-05,FAIL
23,23,,2024-04-26 13:23:28.444664,2024-04-26 13:23:31.767349,0 days 00:00:03.322685,0.671858124419366,0.6480554977406026,104,7,0.0067817911423743256,2,8.05244926984114e-05,FAIL
24,24,,2024-04-26 13:23:28.457561,2024-04-26 13:23:31.740702,0 days 00:00:03.283141,0.6200195442954933,0.709358717592677,127,5,0.0006215955838292531,2,9.297479927123194e-05,FAIL
25,25,,2024-04-26 13:23:28.479785,2024-04-26 13:23:31.898127,0 days 00:00:03.418342,0.8098390963987097,0.5489725893206903,61,5,0.008173498126042877,3,5.648619208398453e-05,FAIL
26,26,,2024-04-26 13:23:28.491829,2024-04-26 13:23:31.795890,0 days 00:00:03.304061,0.8407073430111008,0.8549708045242196,116,3,0.008101806681303388,1,8.686141401912335e-05,FAIL
27,27,,2024-04-26 13:23:28.542631,2024-04-26 13:23:31.753122,0 days 00:00:03.210491,0.6869406653912652,0.8155955212301517,99,3,0.002370077218808793,2,9.085862780921673e-05,FAIL
28,28,,2024-04-26 13:23:28.578058,2024-04-26 13:23:31.935691,0 days 00:00:03.357633,0.7047827705194356,0.7076274593334675,26,5,0.0073546433557008,1,2.782821491753362e-06,FAIL
29,29,,2024-04-26 13:23:28.596306,2024-04-26 13:23:31.890270,0 days 00:00:03.293964,0.6022964339546233,0.5185931775505215,33,3,0.008537116545367408,2,9.828685027876403e-06,FAIL
30,30,,2024-04-26 13:23:28.615141,2024-04-26 13:23:31.725522,0 days 00:00:03.110381,0.5402343788607463,0.6063557678944834,89,3,0.004839820476646906,2,5.443392148632224e-05,FAIL
31,31,,2024-04-26 13:23:28.809967,2024-04-26 13:23:31.925951,0 days 00:00:03.115984,0.5832788095817982,0.8772007172325127,29,3,0.008073930314630304,3,1.502750944945832e-05,FAIL
32,32,,2024-04-26 13:24:21.508921,2024-04-26 13:24:26.642652,0 days 00:00:05.133731,0.8977772670251425,0.9337421115677236,102,7,0.0035581694822658726,3,5.826860231422971e-05,FAIL
33,33,,2024-04-26 13:24:21.524077,2024-04-26 13:24:26.643904,0 days 00:00:05.119827,0.878932115448118,0.5058170379264795,112,3,0.004525641749312818,2,7.353267617601804e-05,FAIL
34,34,,2024-04-26 13:24:21.534660,2024-04-26 13:24:26.662020,0 days 00:00:05.127360,0.8717566924292329,0.8439322857695013,83,3,0.006316648794688085,1,1.5080025683620085e-05,FAIL
35,35,,2024-04-26 13:24:21.557703,2024-04-26 13:24:26.651437,0 days 00:00:05.093734,0.8671629587346027,0.680324188043957,104,3,0.003461742477262199,1,1.48159073296652e-05,FAIL
36,36,270.72691041876226,2024-04-26 13:53:51.632968,2024-04-26 14:14:21.979960,0 days 00:20:30.346992,0.716875463638123,0.5927563768301426,111,5,0.008835706923585712,1,6.303965252840704e-05,COMPLETE
37,37,359.9024227418941,2024-04-26 13:53:51.642049,2024-04-26 14:14:23.648283,0 days 00:20:32.006234,0.8294630326119699,0.9160839586435302,51,7,0.008648447107545748,2,7.935840718270502e-05,COMPLETE
38,38,302.88804969127045,2024-04-26 13:53:51.654377,2024-04-26 14:13:41.270626,0 days 00:19:49.616249,0.5592548043775151,0.6930866354085533,61,3,0.003729941681343842,1,9.50056416562905e-05,COMPLETE
39,39,2162.072075682801,2024-04-26 13:53:51.678727,2024-04-26 14:14:24.115011,0 days 00:20:32.436284,0.8735845110809084,0.9232709879418459,95,7,0.00031597332386358297,1,8.285724074986265e-06,COMPLETE
40,40,419.6838559361247,2024-04-26 14:13:41.303200,2024-04-26 14:48:51.801074,0 days 00:35:10.497874,0.63230974032501,0.6513859996658559,57,7,0.008872977889792008,1,6.707119026054065e-05,COMPLETE
41,41,164.60848305235695,2024-04-26 14:14:22.002018,2024-04-26 14:50:50.335207,0 days 00:36:28.333189,0.888613198170314,0.7015569518284245,99,5,0.00818969183536935,1,2.5052052045248817e-06,COMPLETE
42,42,437.51950206178606,2024-04-26 14:14:23.666042,2024-04-26 14:50:45.191771,0 days 00:36:21.525729,0.5981076664244449,0.7990738440292364,78,7,0.001005482783422485,2,7.016176982644344e-05,COMPLETE
43,43,379.75958187342724,2024-04-26 14:14:24.131008,2024-04-26 14:51:02.740717,0 days 00:36:38.609709,0.534061547359563,0.7774363168486732,79,5,0.004608281940751815,3,1.2452112417374252e-05,COMPLETE
44,44,331.83420458294097,2024-04-26 14:48:51.818204,2024-04-26 15:22:39.667328,0 days 00:33:47.849124,0.6305626248879769,0.6033242427418226,120,3,0.0006994417476707281,1,1.834716601262083e-05,COMPLETE
45,45,362.1455139886765,2024-04-26 14:50:45.207953,2024-04-26 15:27:11.093748,0 days 00:36:25.885795,0.8904520023418165,0.5157519006729302,25,5,0.005481308054103868,3,1.1188336242304111e-05,COMPLETE
46,46,,2024-04-26 14:50:50.354184,2024-04-26 15:28:54.577404,0 days 00:38:04.223220,0.8363324287689098,0.5009720195575459,98,3,0.005180184550965551,3,3.980439870351119e-06,FAIL
47,47,,2024-04-26 14:51:02.757523,2024-04-26 15:28:53.254173,0 days 00:37:50.496650,0.516860056157762,0.8122496878169343,71,7,0.0023609313912339703,3,9.825643332985948e-05,FAIL
48,48,480.0882984054037,2024-04-26 15:22:39.688326,2024-04-26 15:56:20.931965,0 days 00:33:41.243639,0.6539974230279204,0.7863614782280438,94,7,0.007778101485691856,3,4.0462323384539063e-05,COMPLETE
49,49,,2024-04-26 15:27:11.114067,2024-04-26 15:28:54.589890,0 days 00:01:43.475823,0.7604839291127312,0.8414313238983046,98,5,0.006372788527486465,2,3.571564604231944e-05,FAIL
